[Build] 1.0 -2023-06-15 17:48:11 [info] [ResponseUtility] [None] Logger class constructor :: ResponseUtility
[Build] 1.0 -2023-06-15 17:48:11 [info] [Application] [None] Logger class constructor :: Application
[Build] 1.0 -2023-06-15 17:48:11 [info] [Application] [None] Starting Nest application...
[Build] 1.0 -2023-06-15 17:48:11 [info] [Application] [None] AppModule dependencies initialized
[Build] 1.0 -2023-06-15 17:48:11 [info] [Application] [None] DbConfig dependencies initialized
[Build] 1.0 -2023-06-15 17:48:11 [info] [Application] [None] TypeOrmModule dependencies initialized
[Build] 1.0 -2023-06-15 17:48:11 [info] [Application] [None] CommonModule dependencies initialized
[Build] 1.0 -2023-06-15 17:48:11 [info] [Application] [None] ConfigHostModule dependencies initialized
[Build] 1.0 -2023-06-15 17:48:11 [info] [Application] [None] ConfigurationModule dependencies initialized
[Build] 1.0 -2023-06-15 17:48:11 [info] [Application] [None] ConfigModule dependencies initialized
[Build] 1.0 -2023-06-15 17:48:11 [info] [Application] [None] TypeOrmCoreModule dependencies initialized
[Build] 1.0 -2023-06-15 17:48:11 [info] [Application] [None] TypeOrmModule dependencies initialized
[Build] 1.0 -2023-06-15 17:48:11 [info] [Application] [None] TypeOrmModule dependencies initialized
[Build] 1.0 -2023-06-15 17:48:11 [info] [Application] [None] TypeOrmModule dependencies initialized
[Build] 1.0 -2023-06-15 17:48:11 [info] [Application] [None] TypeOrmModule dependencies initialized
[Build] 1.0 -2023-06-15 17:48:11 [info] [Application] [None] TeacherModule dependencies initialized
[Build] 1.0 -2023-06-15 17:48:11 [info] [Application] [None] DepartmentModule dependencies initialized
[Build] 1.0 -2023-06-15 17:48:11 [info] [Application] [None] StudentModule dependencies initialized
[Build] 1.0 -2023-06-15 17:48:11 [info] [Application] [None] CourseModule dependencies initialized
[Build] 1.0 -2023-06-15 17:48:11 [info] [Application] [None] DepartmentController {/api/v1}:
[Build] 1.0 -2023-06-15 17:48:11 [info] [Application] [None] Mapped {/api/v1/department/addDepartment, POST} route
[Build] 1.0 -2023-06-15 17:48:11 [info] [Application] [None] Mapped {/api/v1/department/editDepartment, POST} route
[Build] 1.0 -2023-06-15 17:48:11 [info] [Application] [None] Mapped {/api/v1/department/deleteDepartment/:id, DELETE} route
[Build] 1.0 -2023-06-15 17:48:11 [info] [Application] [None] Mapped {/api/v1/department/:id, GET} route
[Build] 1.0 -2023-06-15 17:48:11 [info] [Application] [None] Mapped {/api/v1/department/getAllDepartment, GET} route
[Build] 1.0 -2023-06-15 17:48:11 [info] [Application] [None] StudentController {/api/v1}:
[Build] 1.0 -2023-06-15 17:48:11 [info] [Application] [None] Mapped {/api/v1/student/addStudent, POST} route
[Build] 1.0 -2023-06-15 17:48:11 [info] [Application] [None] Mapped {/api/v1/student/addStudentDetails, POST} route
[Build] 1.0 -2023-06-15 17:48:11 [info] [Application] [None] Mapped {/api/v1/student/editStudentDetail, POST} route
[Build] 1.0 -2023-06-15 17:48:11 [info] [Application] [None] Mapped {/api/v1/student/editStudent, POST} route
[Build] 1.0 -2023-06-15 17:48:11 [info] [Application] [None] Mapped {/api/v1/student/getAllStudent, GET} route
[Build] 1.0 -2023-06-15 17:48:11 [info] [Application] [None] TeacherController {/api/v1}:
[Build] 1.0 -2023-06-15 17:48:11 [info] [Application] [None] Mapped {/api/v1/teacher/addTeacher, POST} route
[Build] 1.0 -2023-06-15 17:48:11 [info] [Application] [None] Mapped {/api/v1/teacher/addTeacherDetails, POST} route
[Build] 1.0 -2023-06-15 17:48:11 [info] [Application] [None] Mapped {/api/v1/teacher/getAllTeacher, GET} route
[Build] 1.0 -2023-06-15 17:48:11 [info] [Application] [None] CourseController {/api/v1}:
[Build] 1.0 -2023-06-15 17:48:11 [info] [Application] [None] Mapped {/api/v1/course/addCourse, POST} route
[Build] 1.0 -2023-06-15 17:48:11 [info] [Application] [None] Mapped {/api/v1/course/editCourse, POST} route
[Build] 1.0 -2023-06-15 17:48:11 [info] [Application] [None] Mapped {/api/v1/course/deleteCourse/:id, DELETE} route
[Build] 1.0 -2023-06-15 17:48:11 [info] [Application] [None] Mapped {/api/v1/course/getAllCourse, GET} route
[Build] 1.0 -2023-06-15 17:48:11 [info] [Application] [None] CommonController {/api/v1}:
[Build] 1.0 -2023-06-15 17:48:11 [info] [Application] [None] Mapped {/api/v1/common/log/level, PUT} route
[Build] 1.0 -2023-06-15 17:48:11 [info] [Application] [None] Nest application successfully started
