[Build] 1.0 -2023-06-12 17:23:22 [info] [RoutesResolver] [None] DepartmentController {/api/v1}:
[Build] 1.0 -2023-06-12 17:23:22 [info] [RouterExplorer] [None] Mapped {/api/v1/department/addDepartment, POST} route
[Build] 1.0 -2023-06-12 17:23:22 [info] [RouterExplorer] [None] Mapped {/api/v1/department/editDepartment, POST} route
[Build] 1.0 -2023-06-12 17:23:22 [info] [RouterExplorer] [None] Mapped {/api/v1/department/deleteDepartment/:id, DELETE} route
[Build] 1.0 -2023-06-12 17:23:22 [info] [RouterExplorer] [None] Mapped {/api/v1/department/:id, GET} route
[Build] 1.0 -2023-06-12 17:23:22 [info] [RouterExplorer] [None] Mapped {/api/v1/department/getAllDepartment, GET} route
[Build] 1.0 -2023-06-12 17:23:22 [info] [RoutesResolver] [None] StudentController {/api/v1}:
[Build] 1.0 -2023-06-12 17:23:22 [info] [RouterExplorer] [None] Mapped {/api/v1/student/addStudent, POST} route
[Build] 1.0 -2023-06-12 17:23:22 [info] [RouterExplorer] [None] Mapped {/api/v1/student/addStudentDetails, POST} route
[Build] 1.0 -2023-06-12 17:23:22 [info] [RouterExplorer] [None] Mapped {/api/v1/student/editStudentDetail, POST} route
[Build] 1.0 -2023-06-12 17:23:22 [info] [RouterExplorer] [None] Mapped {/api/v1/student/editStudent, POST} route
[Build] 1.0 -2023-06-12 17:23:22 [info] [RouterExplorer] [None] Mapped {/api/v1/student/getAllStudent, GET} route
[Build] 1.0 -2023-06-12 17:23:22 [info] [RoutesResolver] [None] TeacherController {/api/v1}:
[Build] 1.0 -2023-06-12 17:23:22 [info] [RouterExplorer] [None] Mapped {/api/v1/teacher/addTeacher, POST} route
[Build] 1.0 -2023-06-12 17:23:22 [info] [RouterExplorer] [None] Mapped {/api/v1/teacher/addTeacherDetails, POST} route
[Build] 1.0 -2023-06-12 17:23:22 [info] [RouterExplorer] [None] Mapped {/api/v1/teacher/getAllTeacher, GET} route
[Build] 1.0 -2023-06-12 17:23:22 [info] [RoutesResolver] [None] CourseController {/api/v1}:
[Build] 1.0 -2023-06-12 17:23:22 [info] [RouterExplorer] [None] Mapped {/api/v1/course/addCourse, POST} route
[Build] 1.0 -2023-06-12 17:23:22 [info] [RouterExplorer] [None] Mapped {/api/v1/course/editCourse, POST} route
[Build] 1.0 -2023-06-12 17:23:22 [info] [RouterExplorer] [None] Mapped {/api/v1/course/deleteCourse/:id, DELETE} route
[Build] 1.0 -2023-06-12 17:23:22 [info] [RouterExplorer] [None] Mapped {/api/v1/course/getAllCourse, GET} route
[Build] 1.0 -2023-06-12 17:23:22 [info] [RoutesResolver] [None] CommonController {/api/v1}:
[Build] 1.0 -2023-06-12 17:23:22 [info] [RouterExplorer] [None] Mapped {/api/v1/common/log/level, PUT} route
[Build] 1.0 -2023-06-12 17:23:22 [info] [NestApplication] [None] Nest application successfully started
[Build] 1.0 -2023-06-12 17:25:43 [info] [DepartmentController] [None] Enter: In getDepartmentById method
[Build] 1.0 -2023-06-12 17:25:43 [info] [DepartmentService] [None] Enter: In getDepartmentById method
[Build] 1.0 -2023-06-12 17:25:43 [info] [DepartmentDao] [None] Enter: In getAllDepartment in dao method
[Build] 1.0 -2023-06-12 17:25:43 [info] [DepartmentDao] [None] Exit: From getAllDepartment in dao method
[Build] 1.0 -2023-06-12 17:25:43 [debug] [DepartmentService] [None] department service response {"name":"dept_may-999","created_at":"2023-06-08T08:02:30.268Z"}
[Build] 1.0 -2023-06-12 17:25:43 [info] [DepartmentService] [None] Exit: From getDepartmentById method
[Build] 1.0 -2023-06-12 17:25:43 [info] [ResponseUtility] [None] Enter: In getResponse method
[Build] 1.0 -2023-06-12 17:25:43 [info] [ResponseUtility] [None] Enter: In Enter getReqMethodTypeStatusCode method method
[Build] 1.0 -2023-06-12 17:25:43 [debug] [ResponseUtility] [None] Method type 0
[Build] 1.0 -2023-06-12 17:25:43 [info] [ResponseUtility] [None] Exit: From End getReqMethodTypeStatusCode method method
[Build] 1.0 -2023-06-12 17:25:43 [debug] [ResponseUtility] [None] Status code :: 200
[Build] 1.0 -2023-06-12 17:25:43 [debug] [ResponseUtility] [None] Response :: {"res_data":{"data":{"name":"dept_may-999","created_at":"2023-06-08T08:02:30.268Z"},"message":"Department fatch successfully.","status_code":200}}
[Build] 1.0 -2023-06-12 17:25:43 [info] [ResponseUtility] [None] Exit: From getResponse method
[Build] 1.0 -2023-06-12 17:25:43 [debug] [DepartmentController] [None] Department response {"res_data":{"data":{"name":"dept_may-999","created_at":"2023-06-08T08:02:30.268Z"},"message":"Department fatch successfully.","status_code":200}}
[Build] 1.0 -2023-06-12 17:25:43 [debug] [DepartmentController] [None] Department response {"res_data":{"data":{"name":"dept_may-999","created_at":"2023-06-08T08:02:30.268Z"},"message":"Department fatch successfully.","status_code":200}}
[Build] 1.0 -2023-06-12 17:25:43 [info] [DepartmentController] [None] Exit: From getDepartmentById method
