[Build] 1.0 -2023-06-07 16:23:09 [info] [RoutesResolver] [None] DepartmentController {/api/v1}:
[Build] 1.0 -2023-06-07 16:23:09 [info] [RouterExplorer] [None] Mapped {/api/v1/department/addDepartment, POST} route
[Build] 1.0 -2023-06-07 16:23:09 [info] [RouterExplorer] [None] Mapped {/api/v1/department/editDepartment, POST} route
[Build] 1.0 -2023-06-07 16:23:09 [info] [RouterExplorer] [None] Mapped {/api/v1/department/deleteDepartment/:id, DELETE} route
[Build] 1.0 -2023-06-07 16:23:09 [info] [RouterExplorer] [None] Mapped {/api/v1/department/getAllDepartment, GET} route
[Build] 1.0 -2023-06-07 16:23:09 [info] [RoutesResolver] [None] StudentController {/api/v1}:
[Build] 1.0 -2023-06-07 16:23:09 [info] [RouterExplorer] [None] Mapped {/api/v1/student/addStudent, POST} route
[Build] 1.0 -2023-06-07 16:23:09 [info] [RouterExplorer] [None] Mapped {/api/v1/student/addStudentDetails, POST} route
[Build] 1.0 -2023-06-07 16:23:09 [info] [RouterExplorer] [None] Mapped {/api/v1/student/editStudentDetail, POST} route
[Build] 1.0 -2023-06-07 16:23:09 [info] [RouterExplorer] [None] Mapped {/api/v1/student/editStudent, POST} route
[Build] 1.0 -2023-06-07 16:23:09 [info] [RouterExplorer] [None] Mapped {/api/v1/student/getAllStudent, GET} route
[Build] 1.0 -2023-06-07 16:23:09 [info] [RoutesResolver] [None] TeacherController {/api/v1}:
[Build] 1.0 -2023-06-07 16:23:09 [info] [RouterExplorer] [None] Mapped {/api/v1/teacher/addTeacher, POST} route
[Build] 1.0 -2023-06-07 16:23:09 [info] [RouterExplorer] [None] Mapped {/api/v1/teacher/addTeacherDetails, POST} route
[Build] 1.0 -2023-06-07 16:23:09 [info] [RouterExplorer] [None] Mapped {/api/v1/teacher/getAllTeacher, GET} route
[Build] 1.0 -2023-06-07 16:23:09 [info] [RoutesResolver] [None] CourseController {/api/v1}:
[Build] 1.0 -2023-06-07 16:23:09 [info] [RouterExplorer] [None] Mapped {/api/v1/course/addCourse, POST} route
[Build] 1.0 -2023-06-07 16:23:09 [info] [RouterExplorer] [None] Mapped {/api/v1/course/editCourse, POST} route
[Build] 1.0 -2023-06-07 16:23:09 [info] [RouterExplorer] [None] Mapped {/api/v1/course/deleteCourse/:id, DELETE} route
[Build] 1.0 -2023-06-07 16:23:09 [info] [RouterExplorer] [None] Mapped {/api/v1/course/getAllCourse, GET} route
[Build] 1.0 -2023-06-07 16:23:09 [info] [RoutesResolver] [None] CommonController {/api/v1}:
[Build] 1.0 -2023-06-07 16:23:09 [info] [RouterExplorer] [None] Mapped {/api/v1/common/log/level, PUT} route
[Build] 1.0 -2023-06-07 16:23:09 [info] [NestApplication] [None] Nest application successfully started
[Build] 1.0 -2023-06-07 17:29:29 [info] [RoutesResolver] [None] DepartmentController {/api/v1}:
[Build] 1.0 -2023-06-07 17:29:29 [info] [RouterExplorer] [None] Mapped {/api/v1/department/addDepartment, POST} route
[Build] 1.0 -2023-06-07 17:29:29 [info] [RouterExplorer] [None] Mapped {/api/v1/department/editDepartment, POST} route
[Build] 1.0 -2023-06-07 17:29:29 [info] [RouterExplorer] [None] Mapped {/api/v1/department/deleteDepartment/:id, DELETE} route
[Build] 1.0 -2023-06-07 17:29:29 [info] [RouterExplorer] [None] Mapped {/api/v1/department/getAllDepartment, GET} route
[Build] 1.0 -2023-06-07 17:29:29 [info] [RoutesResolver] [None] StudentController {/api/v1}:
[Build] 1.0 -2023-06-07 17:29:29 [info] [RouterExplorer] [None] Mapped {/api/v1/student/addStudent, POST} route
[Build] 1.0 -2023-06-07 17:29:29 [info] [RouterExplorer] [None] Mapped {/api/v1/student/addStudentDetails, POST} route
[Build] 1.0 -2023-06-07 17:29:29 [info] [RouterExplorer] [None] Mapped {/api/v1/student/editStudentDetail, POST} route
[Build] 1.0 -2023-06-07 17:29:29 [info] [RouterExplorer] [None] Mapped {/api/v1/student/editStudent, POST} route
[Build] 1.0 -2023-06-07 17:29:29 [info] [RouterExplorer] [None] Mapped {/api/v1/student/getAllStudent, GET} route
[Build] 1.0 -2023-06-07 17:29:29 [info] [RoutesResolver] [None] TeacherController {/api/v1}:
[Build] 1.0 -2023-06-07 17:29:29 [info] [RouterExplorer] [None] Mapped {/api/v1/teacher/addTeacher, POST} route
[Build] 1.0 -2023-06-07 17:29:29 [info] [RouterExplorer] [None] Mapped {/api/v1/teacher/addTeacherDetails, POST} route
[Build] 1.0 -2023-06-07 17:29:29 [info] [RouterExplorer] [None] Mapped {/api/v1/teacher/getAllTeacher, GET} route
[Build] 1.0 -2023-06-07 17:29:29 [info] [RoutesResolver] [None] CourseController {/api/v1}:
[Build] 1.0 -2023-06-07 17:29:29 [info] [RouterExplorer] [None] Mapped {/api/v1/course/addCourse, POST} route
[Build] 1.0 -2023-06-07 17:29:29 [info] [RouterExplorer] [None] Mapped {/api/v1/course/editCourse, POST} route
[Build] 1.0 -2023-06-07 17:29:29 [info] [RouterExplorer] [None] Mapped {/api/v1/course/deleteCourse/:id, DELETE} route
[Build] 1.0 -2023-06-07 17:29:29 [info] [RouterExplorer] [None] Mapped {/api/v1/course/getAllCourse, GET} route
[Build] 1.0 -2023-06-07 17:29:29 [info] [RoutesResolver] [None] CommonController {/api/v1}:
[Build] 1.0 -2023-06-07 17:29:29 [info] [RouterExplorer] [None] Mapped {/api/v1/common/log/level, PUT} route
[Build] 1.0 -2023-06-07 17:29:29 [info] [NestApplication] [None] Nest application successfully started
[Build] 1.0 -2023-06-07 17:30:28 [info] [DepartmentController] [None] Enter: In addDepartment method
[Build] 1.0 -2023-06-07 17:30:28 [info] [DepartmentService] [None] Enter: In addDepartment method
[Build] 1.0 -2023-06-07 17:30:28 [info] [DepartmentDao] [None] Enter: In addDepartment method
[Build] 1.0 -2023-06-07 17:30:28 [info] [DepartmentDao] [None] Exit: From addDepartment method
[Build] 1.0 -2023-06-07 17:30:28 [debug] [DepartmentService] [None] Department service response :: {"name":"dept_may-2412"}
[Build] 1.0 -2023-06-07 17:30:28 [info] [DepartmentService] [None] Exit: From addDepartment method
[Build] 1.0 -2023-06-07 17:30:28 [info] [ResponseUtility] [None] Enter: In getResponse method
[Build] 1.0 -2023-06-07 17:30:28 [info] [ResponseUtility] [None] Enter: In Enter getReqMethodTypeStatusCode method method
[Build] 1.0 -2023-06-07 17:30:28 [debug] [ResponseUtility] [None] Method type 1
[Build] 1.0 -2023-06-07 17:30:28 [info] [ResponseUtility] [None] Exit: From End getReqMethodTypeStatusCode method method
[Build] 1.0 -2023-06-07 17:30:28 [debug] [ResponseUtility] [None] Status code :: 201
[Build] 1.0 -2023-06-07 17:30:28 [debug] [ResponseUtility] [None] Response :: {"res_data":{"data":{"name":"dept_may-2412"},"message":"Department created successfully.","status_code":201}}
[Build] 1.0 -2023-06-07 17:30:28 [info] [ResponseUtility] [None] Exit: From getResponse method
[Build] 1.0 -2023-06-07 17:30:28 [debug] [DepartmentController] [None] Department response {"res_data":{"data":{"name":"dept_may-2412"},"message":"Department created successfully.","status_code":201}}
[Build] 1.0 -2023-06-07 17:30:28 [debug] [DepartmentController] [None] Department response {"res_data":{"data":{"name":"dept_may-2412"},"message":"Department created successfully.","status_code":201}}
[Build] 1.0 -2023-06-07 17:30:28 [info] [DepartmentController] [None] Exit: From addDepartment method
[Build] 1.0 -2023-06-07 19:27:07 [info] [RoutesResolver] [None] DepartmentController {/api/v1}:
[Build] 1.0 -2023-06-07 19:27:07 [info] [RouterExplorer] [None] Mapped {/api/v1/department/addDepartment, POST} route
[Build] 1.0 -2023-06-07 19:27:07 [info] [RouterExplorer] [None] Mapped {/api/v1/department/editDepartment, POST} route
[Build] 1.0 -2023-06-07 19:27:07 [info] [RouterExplorer] [None] Mapped {/api/v1/department/deleteDepartment/:id, DELETE} route
[Build] 1.0 -2023-06-07 19:27:07 [info] [RouterExplorer] [None] Mapped {/api/v1/department/getAllDepartment, GET} route
[Build] 1.0 -2023-06-07 19:27:07 [info] [RoutesResolver] [None] StudentController {/api/v1}:
[Build] 1.0 -2023-06-07 19:27:07 [info] [RouterExplorer] [None] Mapped {/api/v1/student/addStudent, POST} route
[Build] 1.0 -2023-06-07 19:27:07 [info] [RouterExplorer] [None] Mapped {/api/v1/student/addStudentDetails, POST} route
[Build] 1.0 -2023-06-07 19:27:07 [info] [RouterExplorer] [None] Mapped {/api/v1/student/editStudentDetail, POST} route
[Build] 1.0 -2023-06-07 19:27:07 [info] [RouterExplorer] [None] Mapped {/api/v1/student/editStudent, POST} route
[Build] 1.0 -2023-06-07 19:27:07 [info] [RouterExplorer] [None] Mapped {/api/v1/student/getAllStudent, GET} route
[Build] 1.0 -2023-06-07 19:27:07 [info] [RoutesResolver] [None] TeacherController {/api/v1}:
[Build] 1.0 -2023-06-07 19:27:07 [info] [RouterExplorer] [None] Mapped {/api/v1/teacher/addTeacher, POST} route
[Build] 1.0 -2023-06-07 19:27:07 [info] [RouterExplorer] [None] Mapped {/api/v1/teacher/addTeacherDetails, POST} route
[Build] 1.0 -2023-06-07 19:27:07 [info] [RouterExplorer] [None] Mapped {/api/v1/teacher/getAllTeacher, GET} route
[Build] 1.0 -2023-06-07 19:27:07 [info] [RoutesResolver] [None] CourseController {/api/v1}:
[Build] 1.0 -2023-06-07 19:27:07 [info] [RouterExplorer] [None] Mapped {/api/v1/course/addCourse, POST} route
[Build] 1.0 -2023-06-07 19:27:07 [info] [RouterExplorer] [None] Mapped {/api/v1/course/editCourse, POST} route
[Build] 1.0 -2023-06-07 19:27:07 [info] [RouterExplorer] [None] Mapped {/api/v1/course/deleteCourse/:id, DELETE} route
[Build] 1.0 -2023-06-07 19:27:07 [info] [RouterExplorer] [None] Mapped {/api/v1/course/getAllCourse, GET} route
[Build] 1.0 -2023-06-07 19:27:07 [info] [RoutesResolver] [None] CommonController {/api/v1}:
[Build] 1.0 -2023-06-07 19:27:07 [info] [RouterExplorer] [None] Mapped {/api/v1/common/log/level, PUT} route
[Build] 1.0 -2023-06-07 19:27:07 [info] [NestApplication] [None] Nest application successfully started
[Build] 1.0 -2023-06-07 19:41:04 [info] [RoutesResolver] [None] DepartmentController {/api/v1}:
[Build] 1.0 -2023-06-07 19:41:04 [info] [RouterExplorer] [None] Mapped {/api/v1/department/addDepartment, POST} route
[Build] 1.0 -2023-06-07 19:41:04 [info] [RouterExplorer] [None] Mapped {/api/v1/department/editDepartment, POST} route
[Build] 1.0 -2023-06-07 19:41:04 [info] [RouterExplorer] [None] Mapped {/api/v1/department/deleteDepartment/:id, DELETE} route
[Build] 1.0 -2023-06-07 19:41:04 [info] [RouterExplorer] [None] Mapped {/api/v1/department/getAllDepartment, GET} route
[Build] 1.0 -2023-06-07 19:41:04 [info] [RoutesResolver] [None] StudentController {/api/v1}:
[Build] 1.0 -2023-06-07 19:41:04 [info] [RouterExplorer] [None] Mapped {/api/v1/student/addStudent, POST} route
[Build] 1.0 -2023-06-07 19:41:04 [info] [RouterExplorer] [None] Mapped {/api/v1/student/addStudentDetails, POST} route
[Build] 1.0 -2023-06-07 19:41:04 [info] [RouterExplorer] [None] Mapped {/api/v1/student/editStudentDetail, POST} route
[Build] 1.0 -2023-06-07 19:41:04 [info] [RouterExplorer] [None] Mapped {/api/v1/student/editStudent, POST} route
[Build] 1.0 -2023-06-07 19:41:04 [info] [RouterExplorer] [None] Mapped {/api/v1/student/getAllStudent, GET} route
[Build] 1.0 -2023-06-07 19:41:04 [info] [RoutesResolver] [None] TeacherController {/api/v1}:
[Build] 1.0 -2023-06-07 19:41:04 [info] [RouterExplorer] [None] Mapped {/api/v1/teacher/addTeacher, POST} route
[Build] 1.0 -2023-06-07 19:41:04 [info] [RouterExplorer] [None] Mapped {/api/v1/teacher/addTeacherDetails, POST} route
[Build] 1.0 -2023-06-07 19:41:04 [info] [RouterExplorer] [None] Mapped {/api/v1/teacher/getAllTeacher, GET} route
[Build] 1.0 -2023-06-07 19:41:04 [info] [RoutesResolver] [None] CourseController {/api/v1}:
[Build] 1.0 -2023-06-07 19:41:04 [info] [RouterExplorer] [None] Mapped {/api/v1/course/addCourse, POST} route
[Build] 1.0 -2023-06-07 19:41:04 [info] [RouterExplorer] [None] Mapped {/api/v1/course/editCourse, POST} route
[Build] 1.0 -2023-06-07 19:41:04 [info] [RouterExplorer] [None] Mapped {/api/v1/course/deleteCourse/:id, DELETE} route
[Build] 1.0 -2023-06-07 19:41:04 [info] [RouterExplorer] [None] Mapped {/api/v1/course/getAllCourse, GET} route
[Build] 1.0 -2023-06-07 19:41:04 [info] [RoutesResolver] [None] CommonController {/api/v1}:
[Build] 1.0 -2023-06-07 19:41:04 [info] [RouterExplorer] [None] Mapped {/api/v1/common/log/level, PUT} route
[Build] 1.0 -2023-06-07 19:41:04 [info] [NestApplication] [None] Nest application successfully started
[Build] 1.0 -2023-06-07 20:00:55 [info] [RoutesResolver] [None] DepartmentController {/api/v1}:
[Build] 1.0 -2023-06-07 20:00:55 [info] [RouterExplorer] [None] Mapped {/api/v1/department/addDepartment, POST} route
[Build] 1.0 -2023-06-07 20:00:55 [info] [RouterExplorer] [None] Mapped {/api/v1/department/editDepartment, POST} route
[Build] 1.0 -2023-06-07 20:00:55 [info] [RouterExplorer] [None] Mapped {/api/v1/department/deleteDepartment/:id, DELETE} route
[Build] 1.0 -2023-06-07 20:00:55 [info] [RouterExplorer] [None] Mapped {/api/v1/department/getAllDepartment, GET} route
[Build] 1.0 -2023-06-07 20:00:55 [info] [RoutesResolver] [None] StudentController {/api/v1}:
[Build] 1.0 -2023-06-07 20:00:55 [info] [RouterExplorer] [None] Mapped {/api/v1/student/addStudent, POST} route
[Build] 1.0 -2023-06-07 20:00:55 [info] [RouterExplorer] [None] Mapped {/api/v1/student/addStudentDetails, POST} route
[Build] 1.0 -2023-06-07 20:00:55 [info] [RouterExplorer] [None] Mapped {/api/v1/student/editStudentDetail, POST} route
[Build] 1.0 -2023-06-07 20:00:55 [info] [RouterExplorer] [None] Mapped {/api/v1/student/editStudent, POST} route
[Build] 1.0 -2023-06-07 20:00:55 [info] [RouterExplorer] [None] Mapped {/api/v1/student/getAllStudent, GET} route
[Build] 1.0 -2023-06-07 20:00:55 [info] [RoutesResolver] [None] TeacherController {/api/v1}:
[Build] 1.0 -2023-06-07 20:00:55 [info] [RouterExplorer] [None] Mapped {/api/v1/teacher/addTeacher, POST} route
[Build] 1.0 -2023-06-07 20:00:55 [info] [RouterExplorer] [None] Mapped {/api/v1/teacher/addTeacherDetails, POST} route
[Build] 1.0 -2023-06-07 20:00:55 [info] [RouterExplorer] [None] Mapped {/api/v1/teacher/getAllTeacher, GET} route
[Build] 1.0 -2023-06-07 20:00:55 [info] [RoutesResolver] [None] CourseController {/api/v1}:
[Build] 1.0 -2023-06-07 20:00:55 [info] [RouterExplorer] [None] Mapped {/api/v1/course/addCourse, POST} route
[Build] 1.0 -2023-06-07 20:00:55 [info] [RouterExplorer] [None] Mapped {/api/v1/course/editCourse, POST} route
[Build] 1.0 -2023-06-07 20:00:55 [info] [RouterExplorer] [None] Mapped {/api/v1/course/deleteCourse/:id, DELETE} route
[Build] 1.0 -2023-06-07 20:00:55 [info] [RouterExplorer] [None] Mapped {/api/v1/course/getAllCourse, GET} route
[Build] 1.0 -2023-06-07 20:00:55 [info] [RoutesResolver] [None] CommonController {/api/v1}:
[Build] 1.0 -2023-06-07 20:00:55 [info] [RouterExplorer] [None] Mapped {/api/v1/common/log/level, PUT} route
[Build] 1.0 -2023-06-07 20:00:55 [info] [NestApplication] [None] Nest application successfully started
