[Build] 1.0 -2023-05-29 18:47:51 [info] [RoutesResolver] [None] DepartmentController {/api/v1}:
[Build] 1.0 -2023-05-29 18:47:51 [info] [RouterExplorer] [None] Mapped {/api/v1/department/addDepartment, POST} route
[Build] 1.0 -2023-05-29 18:47:51 [info] [RouterExplorer] [None] Mapped {/api/v1/department/editDepartment, POST} route
[Build] 1.0 -2023-05-29 18:47:51 [info] [RouterExplorer] [None] Mapped {/api/v1/department/deleteDepartment/:id, DELETE} route
[Build] 1.0 -2023-05-29 18:47:51 [info] [RouterExplorer] [None] Mapped {/api/v1/department/getAllDepartment, GET} route
[Build] 1.0 -2023-05-29 18:47:51 [info] [RoutesResolver] [None] StudentController {/api/v1}:
[Build] 1.0 -2023-05-29 18:47:51 [info] [RouterExplorer] [None] Mapped {/api/v1/student/addStudent, POST} route
[Build] 1.0 -2023-05-29 18:47:51 [info] [RouterExplorer] [None] Mapped {/api/v1/student/addStudentDetails, POST} route
[Build] 1.0 -2023-05-29 18:47:51 [info] [RouterExplorer] [None] Mapped {/api/v1/student/editStudentDetail, POST} route
[Build] 1.0 -2023-05-29 18:47:51 [info] [RouterExplorer] [None] Mapped {/api/v1/student/editStudent, POST} route
[Build] 1.0 -2023-05-29 18:47:51 [info] [RouterExplorer] [None] Mapped {/api/v1/student/getAllStudent, GET} route
[Build] 1.0 -2023-05-29 18:47:51 [info] [RoutesResolver] [None] TeacherController {/api/v1}:
[Build] 1.0 -2023-05-29 18:47:51 [info] [RouterExplorer] [None] Mapped {/api/v1/teacher/addTeacher, POST} route
[Build] 1.0 -2023-05-29 18:47:51 [info] [RouterExplorer] [None] Mapped {/api/v1/teacher/addTeacherDetails, POST} route
[Build] 1.0 -2023-05-29 18:47:51 [info] [RouterExplorer] [None] Mapped {/api/v1/teacher/getAllTeacher, GET} route
[Build] 1.0 -2023-05-29 18:47:51 [info] [RoutesResolver] [None] CourseController {/api/v1}:
[Build] 1.0 -2023-05-29 18:47:51 [info] [RouterExplorer] [None] Mapped {/api/v1/course/addCourse, POST} route
[Build] 1.0 -2023-05-29 18:47:51 [info] [RouterExplorer] [None] Mapped {/api/v1/course/editCourse, POST} route
[Build] 1.0 -2023-05-29 18:47:51 [info] [RouterExplorer] [None] Mapped {/api/v1/course/deleteCourse/:id, DELETE} route
[Build] 1.0 -2023-05-29 18:47:51 [info] [RouterExplorer] [None] Mapped {/api/v1/course/getAllCourse, GET} route
[Build] 1.0 -2023-05-29 18:47:51 [info] [RoutesResolver] [None] CommonController {/api/v1}:
[Build] 1.0 -2023-05-29 18:47:51 [info] [RouterExplorer] [None] Mapped {/api/v1/common/log/level, PUT} route
[Build] 1.0 -2023-05-29 18:47:51 [info] [NestApplication] [None] Nest application successfully started
