[Build] 1.0 -2023-05-16 11:06:54 [info] [RoutesResolver] [None] AppController {/}:
[Build] 1.0 -2023-05-16 11:06:54 [info] [RouterExplorer] [None] Mapped {/, GET} route
[Build] 1.0 -2023-05-16 11:06:54 [info] [RoutesResolver] [None] DepartmentController {/api/v1}:
[Build] 1.0 -2023-05-16 11:06:54 [info] [RouterExplorer] [None] Mapped {/api/v1/department/addDepartment, POST} route
[Build] 1.0 -2023-05-16 11:06:54 [info] [RouterExplorer] [None] Mapped {/api/v1/department/editDepartment, POST} route
[Build] 1.0 -2023-05-16 11:06:54 [info] [RouterExplorer] [None] Mapped {/api/v1/department/deleteDepartment/:id, DELETE} route
[Build] 1.0 -2023-05-16 11:06:54 [info] [RoutesResolver] [None] StudentController {/api/v1}:
[Build] 1.0 -2023-05-16 11:06:54 [info] [RouterExplorer] [None] Mapped {/api/v1/student/addStudent, POST} route
[Build] 1.0 -2023-05-16 11:06:54 [info] [RouterExplorer] [None] Mapped {/api/v1/student/addStudentDetails, POST} route
[Build] 1.0 -2023-05-16 11:06:54 [info] [RouterExplorer] [None] Mapped {/api/v1/student/editStudentDetail, POST} route
[Build] 1.0 -2023-05-16 11:06:54 [info] [RouterExplorer] [None] Mapped {/api/v1/student/editStudent, POST} route
[Build] 1.0 -2023-05-16 11:06:54 [info] [RouterExplorer] [None] Mapped {/api/v1/student/getAllStudent, GET} route
[Build] 1.0 -2023-05-16 11:06:54 [info] [RoutesResolver] [None] TeacherController {/api/v1}:
[Build] 1.0 -2023-05-16 11:06:54 [info] [RouterExplorer] [None] Mapped {/api/v1/teacher/addTeacher, POST} route
[Build] 1.0 -2023-05-16 11:06:54 [info] [RouterExplorer] [None] Mapped {/api/v1/teacher/addStudentDetails, POST} route
[Build] 1.0 -2023-05-16 11:06:54 [info] [RouterExplorer] [None] Mapped {/api/v1/teacher/getAllTeacher, GET} route
[Build] 1.0 -2023-05-16 11:06:54 [info] [RoutesResolver] [None] CourseController {/api/v1}:
[Build] 1.0 -2023-05-16 11:06:54 [info] [RouterExplorer] [None] Mapped {/api/v1/course/addCourse, POST} route
[Build] 1.0 -2023-05-16 11:06:54 [info] [RouterExplorer] [None] Mapped {/api/v1/course/editCourse, POST} route
[Build] 1.0 -2023-05-16 11:06:54 [info] [RouterExplorer] [None] Mapped {/api/v1/course/deleteCourse/:id, DELETE} route
[Build] 1.0 -2023-05-16 11:06:54 [info] [RoutesResolver] [None] CommonController {/api/v1}:
[Build] 1.0 -2023-05-16 11:06:54 [info] [RouterExplorer] [None] Mapped {/api/v1/common/log/level, PUT} route
[Build] 1.0 -2023-05-16 11:06:54 [info] [NestApplication] [None] Nest application successfully started
[Build] 1.0 -2023-05-16 11:14:41 [info] [RoutesResolver] [None] AppController {/}:
[Build] 1.0 -2023-05-16 11:14:41 [info] [RouterExplorer] [None] Mapped {/, GET} route
[Build] 1.0 -2023-05-16 11:14:41 [info] [RoutesResolver] [None] DepartmentController {/api/v1}:
[Build] 1.0 -2023-05-16 11:14:41 [info] [RouterExplorer] [None] Mapped {/api/v1/department/addDepartment, POST} route
[Build] 1.0 -2023-05-16 11:14:41 [info] [RouterExplorer] [None] Mapped {/api/v1/department/editDepartment, POST} route
[Build] 1.0 -2023-05-16 11:14:41 [info] [RouterExplorer] [None] Mapped {/api/v1/department/deleteDepartment/:id, DELETE} route
[Build] 1.0 -2023-05-16 11:14:41 [info] [RoutesResolver] [None] StudentController {/api/v1}:
[Build] 1.0 -2023-05-16 11:14:41 [info] [RouterExplorer] [None] Mapped {/api/v1/student/addStudent, POST} route
[Build] 1.0 -2023-05-16 11:14:41 [info] [RouterExplorer] [None] Mapped {/api/v1/student/addStudentDetails, POST} route
[Build] 1.0 -2023-05-16 11:14:41 [info] [RouterExplorer] [None] Mapped {/api/v1/student/editStudentDetail, POST} route
[Build] 1.0 -2023-05-16 11:14:41 [info] [RouterExplorer] [None] Mapped {/api/v1/student/editStudent, POST} route
[Build] 1.0 -2023-05-16 11:14:41 [info] [RouterExplorer] [None] Mapped {/api/v1/student/getAllStudent, GET} route
[Build] 1.0 -2023-05-16 11:14:41 [info] [RoutesResolver] [None] TeacherController {/api/v1}:
[Build] 1.0 -2023-05-16 11:14:41 [info] [RouterExplorer] [None] Mapped {/api/v1/teacher/addTeacher, POST} route
[Build] 1.0 -2023-05-16 11:14:41 [info] [RouterExplorer] [None] Mapped {/api/v1/teacher/addStudentDetails, POST} route
[Build] 1.0 -2023-05-16 11:14:41 [info] [RouterExplorer] [None] Mapped {/api/v1/teacher/getAllTeacher, GET} route
[Build] 1.0 -2023-05-16 11:14:41 [info] [RoutesResolver] [None] CourseController {/api/v1}:
[Build] 1.0 -2023-05-16 11:14:41 [info] [RouterExplorer] [None] Mapped {/api/v1/course/addCourse, POST} route
[Build] 1.0 -2023-05-16 11:14:41 [info] [RouterExplorer] [None] Mapped {/api/v1/course/editCourse, POST} route
[Build] 1.0 -2023-05-16 11:14:41 [info] [RouterExplorer] [None] Mapped {/api/v1/course/deleteCourse/:id, DELETE} route
[Build] 1.0 -2023-05-16 11:14:41 [info] [RoutesResolver] [None] CommonController {/api/v1}:
[Build] 1.0 -2023-05-16 11:14:41 [info] [RouterExplorer] [None] Mapped {/api/v1/common/log/level, PUT} route
[Build] 1.0 -2023-05-16 11:14:41 [info] [NestApplication] [None] Nest application successfully started
[Build] 1.0 -2023-05-16 11:28:12 [info] [RoutesResolver] [None] AppController {/}:
[Build] 1.0 -2023-05-16 11:28:12 [info] [RouterExplorer] [None] Mapped {/, GET} route
[Build] 1.0 -2023-05-16 11:28:12 [info] [RoutesResolver] [None] DepartmentController {/api/v1}:
[Build] 1.0 -2023-05-16 11:28:12 [info] [RouterExplorer] [None] Mapped {/api/v1/department/addDepartment, POST} route
[Build] 1.0 -2023-05-16 11:28:12 [info] [RouterExplorer] [None] Mapped {/api/v1/department/editDepartment, POST} route
[Build] 1.0 -2023-05-16 11:28:12 [info] [RouterExplorer] [None] Mapped {/api/v1/department/deleteDepartment/:id, DELETE} route
[Build] 1.0 -2023-05-16 11:28:12 [info] [RouterExplorer] [None] Mapped {/api/v1/department/getAllDepartment, GET} route
[Build] 1.0 -2023-05-16 11:28:12 [info] [RoutesResolver] [None] StudentController {/api/v1}:
[Build] 1.0 -2023-05-16 11:28:12 [info] [RouterExplorer] [None] Mapped {/api/v1/student/addStudent, POST} route
[Build] 1.0 -2023-05-16 11:28:12 [info] [RouterExplorer] [None] Mapped {/api/v1/student/addStudentDetails, POST} route
[Build] 1.0 -2023-05-16 11:28:12 [info] [RouterExplorer] [None] Mapped {/api/v1/student/editStudentDetail, POST} route
[Build] 1.0 -2023-05-16 11:28:12 [info] [RouterExplorer] [None] Mapped {/api/v1/student/editStudent, POST} route
[Build] 1.0 -2023-05-16 11:28:12 [info] [RouterExplorer] [None] Mapped {/api/v1/student/getAllStudent, GET} route
[Build] 1.0 -2023-05-16 11:28:12 [info] [RoutesResolver] [None] TeacherController {/api/v1}:
[Build] 1.0 -2023-05-16 11:28:12 [info] [RouterExplorer] [None] Mapped {/api/v1/teacher/addTeacher, POST} route
[Build] 1.0 -2023-05-16 11:28:12 [info] [RouterExplorer] [None] Mapped {/api/v1/teacher/addStudentDetails, POST} route
[Build] 1.0 -2023-05-16 11:28:12 [info] [RouterExplorer] [None] Mapped {/api/v1/teacher/getAllTeacher, GET} route
[Build] 1.0 -2023-05-16 11:28:12 [info] [RoutesResolver] [None] CourseController {/api/v1}:
[Build] 1.0 -2023-05-16 11:28:12 [info] [RouterExplorer] [None] Mapped {/api/v1/course/addCourse, POST} route
[Build] 1.0 -2023-05-16 11:28:12 [info] [RouterExplorer] [None] Mapped {/api/v1/course/editCourse, POST} route
[Build] 1.0 -2023-05-16 11:28:12 [info] [RouterExplorer] [None] Mapped {/api/v1/course/deleteCourse/:id, DELETE} route
[Build] 1.0 -2023-05-16 11:28:12 [info] [RoutesResolver] [None] CommonController {/api/v1}:
[Build] 1.0 -2023-05-16 11:28:12 [info] [RouterExplorer] [None] Mapped {/api/v1/common/log/level, PUT} route
[Build] 1.0 -2023-05-16 11:28:12 [info] [NestApplication] [None] Nest application successfully started
[Build] 1.0 -2023-05-16 11:29:40 [info] [RoutesResolver] [None] AppController {/}:
[Build] 1.0 -2023-05-16 11:29:40 [info] [RouterExplorer] [None] Mapped {/, GET} route
[Build] 1.0 -2023-05-16 11:29:40 [info] [RoutesResolver] [None] DepartmentController {/api/v1}:
[Build] 1.0 -2023-05-16 11:29:40 [info] [RouterExplorer] [None] Mapped {/api/v1/department/addDepartment, POST} route
[Build] 1.0 -2023-05-16 11:29:40 [info] [RouterExplorer] [None] Mapped {/api/v1/department/editDepartment, POST} route
[Build] 1.0 -2023-05-16 11:29:40 [info] [RouterExplorer] [None] Mapped {/api/v1/department/deleteDepartment/:id, DELETE} route
[Build] 1.0 -2023-05-16 11:29:40 [info] [RouterExplorer] [None] Mapped {/api/v1/department/getAllDepartment, GET} route
[Build] 1.0 -2023-05-16 11:29:40 [info] [RoutesResolver] [None] StudentController {/api/v1}:
[Build] 1.0 -2023-05-16 11:29:40 [info] [RouterExplorer] [None] Mapped {/api/v1/student/addStudent, POST} route
[Build] 1.0 -2023-05-16 11:29:40 [info] [RouterExplorer] [None] Mapped {/api/v1/student/addStudentDetails, POST} route
[Build] 1.0 -2023-05-16 11:29:40 [info] [RouterExplorer] [None] Mapped {/api/v1/student/editStudentDetail, POST} route
[Build] 1.0 -2023-05-16 11:29:40 [info] [RouterExplorer] [None] Mapped {/api/v1/student/editStudent, POST} route
[Build] 1.0 -2023-05-16 11:29:40 [info] [RouterExplorer] [None] Mapped {/api/v1/student/getAllStudent, GET} route
[Build] 1.0 -2023-05-16 11:29:40 [info] [RoutesResolver] [None] TeacherController {/api/v1}:
[Build] 1.0 -2023-05-16 11:29:40 [info] [RouterExplorer] [None] Mapped {/api/v1/teacher/addTeacher, POST} route
[Build] 1.0 -2023-05-16 11:29:40 [info] [RouterExplorer] [None] Mapped {/api/v1/teacher/addStudentDetails, POST} route
[Build] 1.0 -2023-05-16 11:29:40 [info] [RouterExplorer] [None] Mapped {/api/v1/teacher/getAllTeacher, GET} route
[Build] 1.0 -2023-05-16 11:29:40 [info] [RoutesResolver] [None] CourseController {/api/v1}:
[Build] 1.0 -2023-05-16 11:29:40 [info] [RouterExplorer] [None] Mapped {/api/v1/course/addCourse, POST} route
[Build] 1.0 -2023-05-16 11:29:40 [info] [RouterExplorer] [None] Mapped {/api/v1/course/editCourse, POST} route
[Build] 1.0 -2023-05-16 11:29:40 [info] [RouterExplorer] [None] Mapped {/api/v1/course/deleteCourse/:id, DELETE} route
[Build] 1.0 -2023-05-16 11:29:40 [info] [RoutesResolver] [None] CommonController {/api/v1}:
[Build] 1.0 -2023-05-16 11:29:40 [info] [RouterExplorer] [None] Mapped {/api/v1/common/log/level, PUT} route
[Build] 1.0 -2023-05-16 11:29:40 [info] [NestApplication] [None] Nest application successfully started
[Build] 1.0 -2023-05-16 11:36:36 [info] [RoutesResolver] [None] AppController {/}:
[Build] 1.0 -2023-05-16 11:36:36 [info] [RouterExplorer] [None] Mapped {/, GET} route
[Build] 1.0 -2023-05-16 11:36:36 [info] [RoutesResolver] [None] DepartmentController {/api/v1}:
[Build] 1.0 -2023-05-16 11:36:36 [info] [RouterExplorer] [None] Mapped {/api/v1/department/addDepartment, POST} route
[Build] 1.0 -2023-05-16 11:36:36 [info] [RouterExplorer] [None] Mapped {/api/v1/department/editDepartment, POST} route
[Build] 1.0 -2023-05-16 11:36:36 [info] [RouterExplorer] [None] Mapped {/api/v1/department/deleteDepartment/:id, DELETE} route
[Build] 1.0 -2023-05-16 11:36:36 [info] [RouterExplorer] [None] Mapped {/api/v1/department/getAllDepartment, GET} route
[Build] 1.0 -2023-05-16 11:36:36 [info] [RoutesResolver] [None] StudentController {/api/v1}:
[Build] 1.0 -2023-05-16 11:36:36 [info] [RouterExplorer] [None] Mapped {/api/v1/student/addStudent, POST} route
[Build] 1.0 -2023-05-16 11:36:36 [info] [RouterExplorer] [None] Mapped {/api/v1/student/addStudentDetails, POST} route
[Build] 1.0 -2023-05-16 11:36:36 [info] [RouterExplorer] [None] Mapped {/api/v1/student/editStudentDetail, POST} route
[Build] 1.0 -2023-05-16 11:36:36 [info] [RouterExplorer] [None] Mapped {/api/v1/student/editStudent, POST} route
[Build] 1.0 -2023-05-16 11:36:36 [info] [RouterExplorer] [None] Mapped {/api/v1/student/getAllStudent, GET} route
[Build] 1.0 -2023-05-16 11:36:36 [info] [RoutesResolver] [None] TeacherController {/api/v1}:
[Build] 1.0 -2023-05-16 11:36:36 [info] [RouterExplorer] [None] Mapped {/api/v1/teacher/addTeacher, POST} route
[Build] 1.0 -2023-05-16 11:36:36 [info] [RouterExplorer] [None] Mapped {/api/v1/teacher/addStudentDetails, POST} route
[Build] 1.0 -2023-05-16 11:36:36 [info] [RouterExplorer] [None] Mapped {/api/v1/teacher/getAllTeacher, GET} route
[Build] 1.0 -2023-05-16 11:36:36 [info] [RoutesResolver] [None] CourseController {/api/v1}:
[Build] 1.0 -2023-05-16 11:36:36 [info] [RouterExplorer] [None] Mapped {/api/v1/course/addCourse, POST} route
[Build] 1.0 -2023-05-16 11:36:36 [info] [RouterExplorer] [None] Mapped {/api/v1/course/editCourse, POST} route
[Build] 1.0 -2023-05-16 11:36:36 [info] [RouterExplorer] [None] Mapped {/api/v1/course/deleteCourse/:id, DELETE} route
[Build] 1.0 -2023-05-16 11:36:36 [info] [RoutesResolver] [None] CommonController {/api/v1}:
[Build] 1.0 -2023-05-16 11:36:36 [info] [RouterExplorer] [None] Mapped {/api/v1/common/log/level, PUT} route
[Build] 1.0 -2023-05-16 11:36:36 [info] [NestApplication] [None] Nest application successfully started
[Build] 1.0 -2023-05-16 11:38:29 [info] [RoutesResolver] [None] AppController {/}:
[Build] 1.0 -2023-05-16 11:38:29 [info] [RouterExplorer] [None] Mapped {/, GET} route
[Build] 1.0 -2023-05-16 11:38:29 [info] [RoutesResolver] [None] DepartmentController {/api/v1}:
[Build] 1.0 -2023-05-16 11:38:29 [info] [RouterExplorer] [None] Mapped {/api/v1/department/addDepartment, POST} route
[Build] 1.0 -2023-05-16 11:38:29 [info] [RouterExplorer] [None] Mapped {/api/v1/department/editDepartment, POST} route
[Build] 1.0 -2023-05-16 11:38:29 [info] [RouterExplorer] [None] Mapped {/api/v1/department/deleteDepartment/:id, DELETE} route
[Build] 1.0 -2023-05-16 11:38:29 [info] [RouterExplorer] [None] Mapped {/api/v1/department/getAllDepartment, GET} route
[Build] 1.0 -2023-05-16 11:38:29 [info] [RoutesResolver] [None] StudentController {/api/v1}:
[Build] 1.0 -2023-05-16 11:38:29 [info] [RouterExplorer] [None] Mapped {/api/v1/student/addStudent, POST} route
[Build] 1.0 -2023-05-16 11:38:29 [info] [RouterExplorer] [None] Mapped {/api/v1/student/addStudentDetails, POST} route
[Build] 1.0 -2023-05-16 11:38:29 [info] [RouterExplorer] [None] Mapped {/api/v1/student/editStudentDetail, POST} route
[Build] 1.0 -2023-05-16 11:38:29 [info] [RouterExplorer] [None] Mapped {/api/v1/student/editStudent, POST} route
[Build] 1.0 -2023-05-16 11:38:29 [info] [RouterExplorer] [None] Mapped {/api/v1/student/getAllStudent, GET} route
[Build] 1.0 -2023-05-16 11:38:29 [info] [RoutesResolver] [None] TeacherController {/api/v1}:
[Build] 1.0 -2023-05-16 11:38:29 [info] [RouterExplorer] [None] Mapped {/api/v1/teacher/addTeacher, POST} route
[Build] 1.0 -2023-05-16 11:38:29 [info] [RouterExplorer] [None] Mapped {/api/v1/teacher/addStudentDetails, POST} route
[Build] 1.0 -2023-05-16 11:38:29 [info] [RouterExplorer] [None] Mapped {/api/v1/teacher/getAllTeacher, GET} route
[Build] 1.0 -2023-05-16 11:38:29 [info] [RoutesResolver] [None] CourseController {/api/v1}:
[Build] 1.0 -2023-05-16 11:38:29 [info] [RouterExplorer] [None] Mapped {/api/v1/course/addCourse, POST} route
[Build] 1.0 -2023-05-16 11:38:29 [info] [RouterExplorer] [None] Mapped {/api/v1/course/editCourse, POST} route
[Build] 1.0 -2023-05-16 11:38:29 [info] [RouterExplorer] [None] Mapped {/api/v1/course/deleteCourse/:id, DELETE} route
[Build] 1.0 -2023-05-16 11:38:29 [info] [RoutesResolver] [None] CommonController {/api/v1}:
[Build] 1.0 -2023-05-16 11:38:29 [info] [RouterExplorer] [None] Mapped {/api/v1/common/log/level, PUT} route
[Build] 1.0 -2023-05-16 11:38:29 [info] [NestApplication] [None] Nest application successfully started
[Build] 1.0 -2023-05-16 11:44:19 [info] [DepartmentController] [None] Enter get all department method
[Build] 1.0 -2023-05-16 11:44:19 [info] [DepartmentService] [None] Enter getAllDepartment method
[Build] 1.0 -2023-05-16 11:44:19 [info] [DepartmentDao] [None] Enter getAllDepartment in dao method
[Build] 1.0 -2023-05-16 11:44:19 [info] [DepartmentDao] [None] End getAllDepartment in dao method
[Build] 1.0 -2023-05-16 11:44:19 [debug] [DepartmentService] [None] department service response [{"id":"0c3bf9e2-546b-428f-af6d-4f9713e6c25f","name":"sci","created_at":"2023-05-05T11:03:49.532Z","student":[{"id":"63ae7015-45f6-4c79-8117-c071c322d038","email":"akshay3@gmail.com","password":"abc","department_id":"0c3bf9e2-546b-428f-af6d-4f9713e6c25f","created_at":"2023-05-09T12:50:40.948Z","courses":[{"id":"9e00bec6-c6fb-4086-9b3a-daf1668e3c88","name":"sci","created_at":"2023-05-09T12:50:40.948Z"},{"id":"91a93eea-9734-4245-b3e0-bf818df36a7a","name":"math","created_at":"2023-05-09T12:50:40.948Z"}]},{"id":"78f15671-4010-4a30-abe7-00dea2611e24","email":"dhruv@gmail.com","password":"abc","department_id":"0c3bf9e2-546b-428f-af6d-4f9713e6c25f","created_at":"2023-05-09T12:52:38.313Z","courses":[{"id":"88f4ea01-c32f-4c71-addd-3be292e914c5","name":"hindi","created_at":"2023-05-09T12:52:38.313Z"}]},{"id":"9f28b5ef-cb69-45ad-a7af-248e5c9cc572","email":"dhruv@gmail.com","password":"abc","department_id":"0c3bf9e2-546b-428f-af6d-4f9713e6c25f","created_at":"2023-05-09T12:53:59.698Z","courses":[{"id":"6459b54f-0f9f-4830-b2d7-d48e33ae5434","name":"hindi","created_at":"2023-05-09T11:59:13.865Z"}]},{"id":"8f6080da-3e43-49bd-93c7-7faea33b67af","email":"dhruv@gmail.com","password":"abc","department_id":"0c3bf9e2-546b-428f-af6d-4f9713e6c25f","created_at":"2023-05-09T12:54:39.792Z","courses":[{"id":"6459b54f-0f9f-4830-b2d7-d48e33ae5434","name":"hindi","created_at":"2023-05-09T11:59:13.865Z"}]},{"id":"2e7eba6f-1532-4d84-a545-e9e6e3ebe6cd","email":"dhruv@gmail.com","password":"abc","department_id":"0c3bf9e2-546b-428f-af6d-4f9713e6c25f","created_at":"2023-05-09T12:55:18.731Z","courses":[{"id":"9e00bec6-c6fb-4086-9b3a-daf1668e3c88","name":"sci","created_at":"2023-05-09T12:50:40.948Z"}]},{"id":"402b85d2-603d-4907-b908-fc51d99900c8","email":"satyam@gmail.com","password":"abc","department_id":"0c3bf9e2-546b-428f-af6d-4f9713e6c25f","created_at":"2023-05-09T13:19:50.231Z","courses":[{"id":"9e00bec6-c6fb-4086-9b3a-daf1668e3c88","name":"sci","created_at":"2023-05-09T12:50:40.948Z"}]},{"id":"3c5ba9c0-2e1d-4739-9829-cb255ce44d99","email":"savdi@gmail.com","password":"abc","department_id":"0c3bf9e2-546b-428f-af6d-4f9713e6c25f","created_at":"2023-05-09T13:23:06.609Z","courses":[{"id":"91a93eea-9734-4245-b3e0-bf818df36a7a","name":"math","created_at":"2023-05-09T12:50:40.948Z"},{"id":"0e93120c-d56a-4c0c-876b-a665eecaed4a","name":"tech","created_at":"2023-05-09T11:58:47.851Z"}]},{"id":"e93aa0fa-5e1b-4571-b3dd-f50f349c0d2f","email":"savdi123@gmail.com","password":"abc","department_id":"0c3bf9e2-546b-428f-af6d-4f9713e6c25f","created_at":"2023-05-11T12:46:16.369Z","courses":[{"id":"91a93eea-9734-4245-b3e0-bf818df36a7a","name":"math","created_at":"2023-05-09T12:50:40.948Z"},{"id":"0e93120c-d56a-4c0c-876b-a665eecaed4a","name":"tech","created_at":"2023-05-09T11:58:47.851Z"}]},{"id":"c37970f4-7b1f-4856-a920-bbf15a3d2109","email":"test666@gmail.com","password":"abc","department_id":"0c3bf9e2-546b-428f-af6d-4f9713e6c25f","created_at":"2023-05-11T13:36:43.906Z","courses":[{"id":"91a93eea-9734-4245-b3e0-bf818df36a7a","name":"math","created_at":"2023-05-09T12:50:40.948Z"}]},{"id":"48184ca3-bd2f-4bf0-81a8-88a5ab80ec4c","email":"dhruv@gmail.com","password":"abc","department_id":"0c3bf9e2-546b-428f-af6d-4f9713e6c25f","created_at":"2023-05-09T13:17:08.820Z","courses":[]},{"id":"02af83b9-8ced-4851-bc78-cdbe6de2e4ba","email":"tushar@gmail.com","password":"abc","department_id":"0c3bf9e2-546b-428f-af6d-4f9713e6c25f","created_at":"2023-05-05T11:27:10.804Z","courses":[]},{"id":"55fe5d0e-f2ec-43a9-abc9-ff527a54a467","email":"akshay@gmail.com","password":"abc","department_id":"0c3bf9e2-546b-428f-af6d-4f9713e6c25f","created_at":"2023-05-08T13:11:32.740Z","courses":[]},{"id":"6fb788ae-e179-426e-8cdc-75bc0777ced7","email":"akshay@gmail.com","password":"abc","department_id":"0c3bf9e2-546b-428f-af6d-4f9713e6c25f","created_at":"2023-05-09T12:05:50.326Z","courses":[]},{"id":"7b3d2aed-1e0d-4ec5-906e-b5a3ebda1b26","email":"akshay@gmail.com","password":"abc","department_id":"0c3bf9e2-546b-428f-af6d-4f9713e6c25f","created_at":"2023-05-08T13:11:32.728Z","courses":[]}]},{"id":"362857a4-e794-401c-801e-a2cee617323b","name":"dept 112","created_at":"2023-05-15T06:45:41.818Z","student":[]},{"id":"682bf564-2d3c-44a0-8412-9c8a02d89080","name":"dept 888","created_at":"2023-05-15T09:25:19.999Z","student":[]},{"id":"be4b54a2-2ba8-4259-af79-6821907b7c85","name":"dept 10","created_at":"2023-05-12T10:07:27.415Z","student":[]},{"id":"16e9976b-5d09-4b00-bb1d-8cae0004e79f","name":"dept 777","created_at":"2023-05-15T06:50:13.181Z","student":[]},{"id":"24f89f9b-3adc-4d02-aad3-7fc16ddb84e3","name":"dept 11","created_at":"2023-05-12T10:13:05.895Z","student":[]}]
[Build] 1.0 -2023-05-16 11:44:19 [info] [DepartmentService] [None] End getAllDepartment method
[Build] 1.0 -2023-05-16 11:44:19 [info] [ResponseUtility] [None] Enter Enter getResponse method method
[Build] 1.0 -2023-05-16 11:44:19 [info] [ResponseUtility] [None] Enter Enter getReqMethodTypeStatusCode method method
[Build] 1.0 -2023-05-16 11:44:19 [debug] [ResponseUtility] [None] Method type GET
[Build] 1.0 -2023-05-16 11:44:19 [info] [ResponseUtility] [None] End End getReqMethodTypeStatusCode method method
[Build] 1.0 -2023-05-16 11:44:19 [debug] [ResponseUtility] [None] Status code :: 200
[Build] 1.0 -2023-05-16 11:44:19 [debug] [ResponseUtility] [None] Response :: {"res_data":{"data":[{"id":"0c3bf9e2-546b-428f-af6d-4f9713e6c25f","name":"sci","created_at":"2023-05-05T11:03:49.532Z","student":[{"id":"63ae7015-45f6-4c79-8117-c071c322d038","email":"akshay3@gmail.com","password":"abc","department_id":"0c3bf9e2-546b-428f-af6d-4f9713e6c25f","created_at":"2023-05-09T12:50:40.948Z","courses":[{"id":"9e00bec6-c6fb-4086-9b3a-daf1668e3c88","name":"sci","created_at":"2023-05-09T12:50:40.948Z"},{"id":"91a93eea-9734-4245-b3e0-bf818df36a7a","name":"math","created_at":"2023-05-09T12:50:40.948Z"}]},{"id":"78f15671-4010-4a30-abe7-00dea2611e24","email":"dhruv@gmail.com","password":"abc","department_id":"0c3bf9e2-546b-428f-af6d-4f9713e6c25f","created_at":"2023-05-09T12:52:38.313Z","courses":[{"id":"88f4ea01-c32f-4c71-addd-3be292e914c5","name":"hindi","created_at":"2023-05-09T12:52:38.313Z"}]},{"id":"9f28b5ef-cb69-45ad-a7af-248e5c9cc572","email":"dhruv@gmail.com","password":"abc","department_id":"0c3bf9e2-546b-428f-af6d-4f9713e6c25f","created_at":"2023-05-09T12:53:59.698Z","courses":[{"id":"6459b54f-0f9f-4830-b2d7-d48e33ae5434","name":"hindi","created_at":"2023-05-09T11:59:13.865Z"}]},{"id":"8f6080da-3e43-49bd-93c7-7faea33b67af","email":"dhruv@gmail.com","password":"abc","department_id":"0c3bf9e2-546b-428f-af6d-4f9713e6c25f","created_at":"2023-05-09T12:54:39.792Z","courses":[{"id":"6459b54f-0f9f-4830-b2d7-d48e33ae5434","name":"hindi","created_at":"2023-05-09T11:59:13.865Z"}]},{"id":"2e7eba6f-1532-4d84-a545-e9e6e3ebe6cd","email":"dhruv@gmail.com","password":"abc","department_id":"0c3bf9e2-546b-428f-af6d-4f9713e6c25f","created_at":"2023-05-09T12:55:18.731Z","courses":[{"id":"9e00bec6-c6fb-4086-9b3a-daf1668e3c88","name":"sci","created_at":"2023-05-09T12:50:40.948Z"}]},{"id":"402b85d2-603d-4907-b908-fc51d99900c8","email":"satyam@gmail.com","password":"abc","department_id":"0c3bf9e2-546b-428f-af6d-4f9713e6c25f","created_at":"2023-05-09T13:19:50.231Z","courses":[{"id":"9e00bec6-c6fb-4086-9b3a-daf1668e3c88","name":"sci","created_at":"2023-05-09T12:50:40.948Z"}]},{"id":"3c5ba9c0-2e1d-4739-9829-cb255ce44d99","email":"savdi@gmail.com","password":"abc","department_id":"0c3bf9e2-546b-428f-af6d-4f9713e6c25f","created_at":"2023-05-09T13:23:06.609Z","courses":[{"id":"91a93eea-9734-4245-b3e0-bf818df36a7a","name":"math","created_at":"2023-05-09T12:50:40.948Z"},{"id":"0e93120c-d56a-4c0c-876b-a665eecaed4a","name":"tech","created_at":"2023-05-09T11:58:47.851Z"}]},{"id":"e93aa0fa-5e1b-4571-b3dd-f50f349c0d2f","email":"savdi123@gmail.com","password":"abc","department_id":"0c3bf9e2-546b-428f-af6d-4f9713e6c25f","created_at":"2023-05-11T12:46:16.369Z","courses":[{"id":"91a93eea-9734-4245-b3e0-bf818df36a7a","name":"math","created_at":"2023-05-09T12:50:40.948Z"},{"id":"0e93120c-d56a-4c0c-876b-a665eecaed4a","name":"tech","created_at":"2023-05-09T11:58:47.851Z"}]},{"id":"c37970f4-7b1f-4856-a920-bbf15a3d2109","email":"test666@gmail.com","password":"abc","department_id":"0c3bf9e2-546b-428f-af6d-4f9713e6c25f","created_at":"2023-05-11T13:36:43.906Z","courses":[{"id":"91a93eea-9734-4245-b3e0-bf818df36a7a","name":"math","created_at":"2023-05-09T12:50:40.948Z"}]},{"id":"48184ca3-bd2f-4bf0-81a8-88a5ab80ec4c","email":"dhruv@gmail.com","password":"abc","department_id":"0c3bf9e2-546b-428f-af6d-4f9713e6c25f","created_at":"2023-05-09T13:17:08.820Z","courses":[]},{"id":"02af83b9-8ced-4851-bc78-cdbe6de2e4ba","email":"tushar@gmail.com","password":"abc","department_id":"0c3bf9e2-546b-428f-af6d-4f9713e6c25f","created_at":"2023-05-05T11:27:10.804Z","courses":[]},{"id":"55fe5d0e-f2ec-43a9-abc9-ff527a54a467","email":"akshay@gmail.com","password":"abc","department_id":"0c3bf9e2-546b-428f-af6d-4f9713e6c25f","created_at":"2023-05-08T13:11:32.740Z","courses":[]},{"id":"6fb788ae-e179-426e-8cdc-75bc0777ced7","email":"akshay@gmail.com","password":"abc","department_id":"0c3bf9e2-546b-428f-af6d-4f9713e6c25f","created_at":"2023-05-09T12:05:50.326Z","courses":[]},{"id":"7b3d2aed-1e0d-4ec5-906e-b5a3ebda1b26","email":"akshay@gmail.com","password":"abc","department_id":"0c3bf9e2-546b-428f-af6d-4f9713e6c25f","created_at":"2023-05-08T13:11:32.728Z","courses":[]}]},{"id":"362857a4-e794-401c-801e-a2cee617323b","name":"dept 112","created_at":"2023-05-15T06:45:41.818Z","student":[]},{"id":"682bf564-2d3c-44a0-8412-9c8a02d89080","name":"dept 888","created_at":"2023-05-15T09:25:19.999Z","student":[]},{"id":"be4b54a2-2ba8-4259-af79-6821907b7c85","name":"dept 10","created_at":"2023-05-12T10:07:27.415Z","student":[]},{"id":"16e9976b-5d09-4b00-bb1d-8cae0004e79f","name":"dept 777","created_at":"2023-05-15T06:50:13.181Z","student":[]},{"id":"24f89f9b-3adc-4d02-aad3-7fc16ddb84e3","name":"dept 11","created_at":"2023-05-12T10:13:05.895Z","student":[]}],"message":"Department fatch successfully.","status_code":200}}
[Build] 1.0 -2023-05-16 11:44:19 [info] [ResponseUtility] [None] End End getResponse method method
[Build] 1.0 -2023-05-16 11:44:19 [debug] [DepartmentController] [None] Department response {"res_data":{"data":[{"id":"0c3bf9e2-546b-428f-af6d-4f9713e6c25f","name":"sci","created_at":"2023-05-05T11:03:49.532Z","student":[{"id":"63ae7015-45f6-4c79-8117-c071c322d038","email":"akshay3@gmail.com","password":"abc","department_id":"0c3bf9e2-546b-428f-af6d-4f9713e6c25f","created_at":"2023-05-09T12:50:40.948Z","courses":[{"id":"9e00bec6-c6fb-4086-9b3a-daf1668e3c88","name":"sci","created_at":"2023-05-09T12:50:40.948Z"},{"id":"91a93eea-9734-4245-b3e0-bf818df36a7a","name":"math","created_at":"2023-05-09T12:50:40.948Z"}]},{"id":"78f15671-4010-4a30-abe7-00dea2611e24","email":"dhruv@gmail.com","password":"abc","department_id":"0c3bf9e2-546b-428f-af6d-4f9713e6c25f","created_at":"2023-05-09T12:52:38.313Z","courses":[{"id":"88f4ea01-c32f-4c71-addd-3be292e914c5","name":"hindi","created_at":"2023-05-09T12:52:38.313Z"}]},{"id":"9f28b5ef-cb69-45ad-a7af-248e5c9cc572","email":"dhruv@gmail.com","password":"abc","department_id":"0c3bf9e2-546b-428f-af6d-4f9713e6c25f","created_at":"2023-05-09T12:53:59.698Z","courses":[{"id":"6459b54f-0f9f-4830-b2d7-d48e33ae5434","name":"hindi","created_at":"2023-05-09T11:59:13.865Z"}]},{"id":"8f6080da-3e43-49bd-93c7-7faea33b67af","email":"dhruv@gmail.com","password":"abc","department_id":"0c3bf9e2-546b-428f-af6d-4f9713e6c25f","created_at":"2023-05-09T12:54:39.792Z","courses":[{"id":"6459b54f-0f9f-4830-b2d7-d48e33ae5434","name":"hindi","created_at":"2023-05-09T11:59:13.865Z"}]},{"id":"2e7eba6f-1532-4d84-a545-e9e6e3ebe6cd","email":"dhruv@gmail.com","password":"abc","department_id":"0c3bf9e2-546b-428f-af6d-4f9713e6c25f","created_at":"2023-05-09T12:55:18.731Z","courses":[{"id":"9e00bec6-c6fb-4086-9b3a-daf1668e3c88","name":"sci","created_at":"2023-05-09T12:50:40.948Z"}]},{"id":"402b85d2-603d-4907-b908-fc51d99900c8","email":"satyam@gmail.com","password":"abc","department_id":"0c3bf9e2-546b-428f-af6d-4f9713e6c25f","created_at":"2023-05-09T13:19:50.231Z","courses":[{"id":"9e00bec6-c6fb-4086-9b3a-daf1668e3c88","name":"sci","created_at":"2023-05-09T12:50:40.948Z"}]},{"id":"3c5ba9c0-2e1d-4739-9829-cb255ce44d99","email":"savdi@gmail.com","password":"abc","department_id":"0c3bf9e2-546b-428f-af6d-4f9713e6c25f","created_at":"2023-05-09T13:23:06.609Z","courses":[{"id":"91a93eea-9734-4245-b3e0-bf818df36a7a","name":"math","created_at":"2023-05-09T12:50:40.948Z"},{"id":"0e93120c-d56a-4c0c-876b-a665eecaed4a","name":"tech","created_at":"2023-05-09T11:58:47.851Z"}]},{"id":"e93aa0fa-5e1b-4571-b3dd-f50f349c0d2f","email":"savdi123@gmail.com","password":"abc","department_id":"0c3bf9e2-546b-428f-af6d-4f9713e6c25f","created_at":"2023-05-11T12:46:16.369Z","courses":[{"id":"91a93eea-9734-4245-b3e0-bf818df36a7a","name":"math","created_at":"2023-05-09T12:50:40.948Z"},{"id":"0e93120c-d56a-4c0c-876b-a665eecaed4a","name":"tech","created_at":"2023-05-09T11:58:47.851Z"}]},{"id":"c37970f4-7b1f-4856-a920-bbf15a3d2109","email":"test666@gmail.com","password":"abc","department_id":"0c3bf9e2-546b-428f-af6d-4f9713e6c25f","created_at":"2023-05-11T13:36:43.906Z","courses":[{"id":"91a93eea-9734-4245-b3e0-bf818df36a7a","name":"math","created_at":"2023-05-09T12:50:40.948Z"}]},{"id":"48184ca3-bd2f-4bf0-81a8-88a5ab80ec4c","email":"dhruv@gmail.com","password":"abc","department_id":"0c3bf9e2-546b-428f-af6d-4f9713e6c25f","created_at":"2023-05-09T13:17:08.820Z","courses":[]},{"id":"02af83b9-8ced-4851-bc78-cdbe6de2e4ba","email":"tushar@gmail.com","password":"abc","department_id":"0c3bf9e2-546b-428f-af6d-4f9713e6c25f","created_at":"2023-05-05T11:27:10.804Z","courses":[]},{"id":"55fe5d0e-f2ec-43a9-abc9-ff527a54a467","email":"akshay@gmail.com","password":"abc","department_id":"0c3bf9e2-546b-428f-af6d-4f9713e6c25f","created_at":"2023-05-08T13:11:32.740Z","courses":[]},{"id":"6fb788ae-e179-426e-8cdc-75bc0777ced7","email":"akshay@gmail.com","password":"abc","department_id":"0c3bf9e2-546b-428f-af6d-4f9713e6c25f","created_at":"2023-05-09T12:05:50.326Z","courses":[]},{"id":"7b3d2aed-1e0d-4ec5-906e-b5a3ebda1b26","email":"akshay@gmail.com","password":"abc","department_id":"0c3bf9e2-546b-428f-af6d-4f9713e6c25f","created_at":"2023-05-08T13:11:32.728Z","courses":[]}]},{"id":"362857a4-e794-401c-801e-a2cee617323b","name":"dept 112","created_at":"2023-05-15T06:45:41.818Z","student":[]},{"id":"682bf564-2d3c-44a0-8412-9c8a02d89080","name":"dept 888","created_at":"2023-05-15T09:25:19.999Z","student":[]},{"id":"be4b54a2-2ba8-4259-af79-6821907b7c85","name":"dept 10","created_at":"2023-05-12T10:07:27.415Z","student":[]},{"id":"16e9976b-5d09-4b00-bb1d-8cae0004e79f","name":"dept 777","created_at":"2023-05-15T06:50:13.181Z","student":[]},{"id":"24f89f9b-3adc-4d02-aad3-7fc16ddb84e3","name":"dept 11","created_at":"2023-05-12T10:13:05.895Z","student":[]}],"message":"Department fatch successfully.","status_code":200}}
[Build] 1.0 -2023-05-16 11:44:19 [debug] [DepartmentController] [None] Department response {"res_data":{"data":[{"id":"0c3bf9e2-546b-428f-af6d-4f9713e6c25f","name":"sci","created_at":"2023-05-05T11:03:49.532Z","student":[{"id":"63ae7015-45f6-4c79-8117-c071c322d038","email":"akshay3@gmail.com","password":"abc","department_id":"0c3bf9e2-546b-428f-af6d-4f9713e6c25f","created_at":"2023-05-09T12:50:40.948Z","courses":[{"id":"9e00bec6-c6fb-4086-9b3a-daf1668e3c88","name":"sci","created_at":"2023-05-09T12:50:40.948Z"},{"id":"91a93eea-9734-4245-b3e0-bf818df36a7a","name":"math","created_at":"2023-05-09T12:50:40.948Z"}]},{"id":"78f15671-4010-4a30-abe7-00dea2611e24","email":"dhruv@gmail.com","password":"abc","department_id":"0c3bf9e2-546b-428f-af6d-4f9713e6c25f","created_at":"2023-05-09T12:52:38.313Z","courses":[{"id":"88f4ea01-c32f-4c71-addd-3be292e914c5","name":"hindi","created_at":"2023-05-09T12:52:38.313Z"}]},{"id":"9f28b5ef-cb69-45ad-a7af-248e5c9cc572","email":"dhruv@gmail.com","password":"abc","department_id":"0c3bf9e2-546b-428f-af6d-4f9713e6c25f","created_at":"2023-05-09T12:53:59.698Z","courses":[{"id":"6459b54f-0f9f-4830-b2d7-d48e33ae5434","name":"hindi","created_at":"2023-05-09T11:59:13.865Z"}]},{"id":"8f6080da-3e43-49bd-93c7-7faea33b67af","email":"dhruv@gmail.com","password":"abc","department_id":"0c3bf9e2-546b-428f-af6d-4f9713e6c25f","created_at":"2023-05-09T12:54:39.792Z","courses":[{"id":"6459b54f-0f9f-4830-b2d7-d48e33ae5434","name":"hindi","created_at":"2023-05-09T11:59:13.865Z"}]},{"id":"2e7eba6f-1532-4d84-a545-e9e6e3ebe6cd","email":"dhruv@gmail.com","password":"abc","department_id":"0c3bf9e2-546b-428f-af6d-4f9713e6c25f","created_at":"2023-05-09T12:55:18.731Z","courses":[{"id":"9e00bec6-c6fb-4086-9b3a-daf1668e3c88","name":"sci","created_at":"2023-05-09T12:50:40.948Z"}]},{"id":"402b85d2-603d-4907-b908-fc51d99900c8","email":"satyam@gmail.com","password":"abc","department_id":"0c3bf9e2-546b-428f-af6d-4f9713e6c25f","created_at":"2023-05-09T13:19:50.231Z","courses":[{"id":"9e00bec6-c6fb-4086-9b3a-daf1668e3c88","name":"sci","created_at":"2023-05-09T12:50:40.948Z"}]},{"id":"3c5ba9c0-2e1d-4739-9829-cb255ce44d99","email":"savdi@gmail.com","password":"abc","department_id":"0c3bf9e2-546b-428f-af6d-4f9713e6c25f","created_at":"2023-05-09T13:23:06.609Z","courses":[{"id":"91a93eea-9734-4245-b3e0-bf818df36a7a","name":"math","created_at":"2023-05-09T12:50:40.948Z"},{"id":"0e93120c-d56a-4c0c-876b-a665eecaed4a","name":"tech","created_at":"2023-05-09T11:58:47.851Z"}]},{"id":"e93aa0fa-5e1b-4571-b3dd-f50f349c0d2f","email":"savdi123@gmail.com","password":"abc","department_id":"0c3bf9e2-546b-428f-af6d-4f9713e6c25f","created_at":"2023-05-11T12:46:16.369Z","courses":[{"id":"91a93eea-9734-4245-b3e0-bf818df36a7a","name":"math","created_at":"2023-05-09T12:50:40.948Z"},{"id":"0e93120c-d56a-4c0c-876b-a665eecaed4a","name":"tech","created_at":"2023-05-09T11:58:47.851Z"}]},{"id":"c37970f4-7b1f-4856-a920-bbf15a3d2109","email":"test666@gmail.com","password":"abc","department_id":"0c3bf9e2-546b-428f-af6d-4f9713e6c25f","created_at":"2023-05-11T13:36:43.906Z","courses":[{"id":"91a93eea-9734-4245-b3e0-bf818df36a7a","name":"math","created_at":"2023-05-09T12:50:40.948Z"}]},{"id":"48184ca3-bd2f-4bf0-81a8-88a5ab80ec4c","email":"dhruv@gmail.com","password":"abc","department_id":"0c3bf9e2-546b-428f-af6d-4f9713e6c25f","created_at":"2023-05-09T13:17:08.820Z","courses":[]},{"id":"02af83b9-8ced-4851-bc78-cdbe6de2e4ba","email":"tushar@gmail.com","password":"abc","department_id":"0c3bf9e2-546b-428f-af6d-4f9713e6c25f","created_at":"2023-05-05T11:27:10.804Z","courses":[]},{"id":"55fe5d0e-f2ec-43a9-abc9-ff527a54a467","email":"akshay@gmail.com","password":"abc","department_id":"0c3bf9e2-546b-428f-af6d-4f9713e6c25f","created_at":"2023-05-08T13:11:32.740Z","courses":[]},{"id":"6fb788ae-e179-426e-8cdc-75bc0777ced7","email":"akshay@gmail.com","password":"abc","department_id":"0c3bf9e2-546b-428f-af6d-4f9713e6c25f","created_at":"2023-05-09T12:05:50.326Z","courses":[]},{"id":"7b3d2aed-1e0d-4ec5-906e-b5a3ebda1b26","email":"akshay@gmail.com","password":"abc","department_id":"0c3bf9e2-546b-428f-af6d-4f9713e6c25f","created_at":"2023-05-08T13:11:32.728Z","courses":[]}]},{"id":"362857a4-e794-401c-801e-a2cee617323b","name":"dept 112","created_at":"2023-05-15T06:45:41.818Z","student":[]},{"id":"682bf564-2d3c-44a0-8412-9c8a02d89080","name":"dept 888","created_at":"2023-05-15T09:25:19.999Z","student":[]},{"id":"be4b54a2-2ba8-4259-af79-6821907b7c85","name":"dept 10","created_at":"2023-05-12T10:07:27.415Z","student":[]},{"id":"16e9976b-5d09-4b00-bb1d-8cae0004e79f","name":"dept 777","created_at":"2023-05-15T06:50:13.181Z","student":[]},{"id":"24f89f9b-3adc-4d02-aad3-7fc16ddb84e3","name":"dept 11","created_at":"2023-05-12T10:13:05.895Z","student":[]}],"message":"Department fatch successfully.","status_code":200}}
[Build] 1.0 -2023-05-16 11:44:19 [info] [DepartmentController] [None] End get all department method
[Build] 1.0 -2023-05-16 11:48:59 [info] [RoutesResolver] [None] AppController {/}:
[Build] 1.0 -2023-05-16 11:48:59 [info] [RouterExplorer] [None] Mapped {/, GET} route
[Build] 1.0 -2023-05-16 11:48:59 [info] [RoutesResolver] [None] DepartmentController {/api/v1}:
[Build] 1.0 -2023-05-16 11:48:59 [info] [RouterExplorer] [None] Mapped {/api/v1/department/addDepartment, POST} route
[Build] 1.0 -2023-05-16 11:48:59 [info] [RouterExplorer] [None] Mapped {/api/v1/department/editDepartment, POST} route
[Build] 1.0 -2023-05-16 11:48:59 [info] [RouterExplorer] [None] Mapped {/api/v1/department/deleteDepartment/:id, DELETE} route
[Build] 1.0 -2023-05-16 11:48:59 [info] [RouterExplorer] [None] Mapped {/api/v1/department/getAllDepartment, GET} route
[Build] 1.0 -2023-05-16 11:48:59 [info] [RoutesResolver] [None] StudentController {/api/v1}:
[Build] 1.0 -2023-05-16 11:48:59 [info] [RouterExplorer] [None] Mapped {/api/v1/student/addStudent, POST} route
[Build] 1.0 -2023-05-16 11:48:59 [info] [RouterExplorer] [None] Mapped {/api/v1/student/addStudentDetails, POST} route
[Build] 1.0 -2023-05-16 11:48:59 [info] [RouterExplorer] [None] Mapped {/api/v1/student/editStudentDetail, POST} route
[Build] 1.0 -2023-05-16 11:48:59 [info] [RouterExplorer] [None] Mapped {/api/v1/student/editStudent, POST} route
[Build] 1.0 -2023-05-16 11:48:59 [info] [RouterExplorer] [None] Mapped {/api/v1/student/getAllStudent, GET} route
[Build] 1.0 -2023-05-16 11:48:59 [info] [RoutesResolver] [None] TeacherController {/api/v1}:
[Build] 1.0 -2023-05-16 11:48:59 [info] [RouterExplorer] [None] Mapped {/api/v1/teacher/addTeacher, POST} route
[Build] 1.0 -2023-05-16 11:48:59 [info] [RouterExplorer] [None] Mapped {/api/v1/teacher/addStudentDetails, POST} route
[Build] 1.0 -2023-05-16 11:48:59 [info] [RouterExplorer] [None] Mapped {/api/v1/teacher/getAllTeacher, GET} route
[Build] 1.0 -2023-05-16 11:48:59 [info] [RoutesResolver] [None] CourseController {/api/v1}:
[Build] 1.0 -2023-05-16 11:48:59 [info] [RouterExplorer] [None] Mapped {/api/v1/course/addCourse, POST} route
[Build] 1.0 -2023-05-16 11:48:59 [info] [RouterExplorer] [None] Mapped {/api/v1/course/editCourse, POST} route
[Build] 1.0 -2023-05-16 11:48:59 [info] [RouterExplorer] [None] Mapped {/api/v1/course/deleteCourse/:id, DELETE} route
[Build] 1.0 -2023-05-16 11:48:59 [info] [RoutesResolver] [None] CommonController {/api/v1}:
[Build] 1.0 -2023-05-16 11:48:59 [info] [RouterExplorer] [None] Mapped {/api/v1/common/log/level, PUT} route
[Build] 1.0 -2023-05-16 11:48:59 [info] [NestApplication] [None] Nest application successfully started
[Build] 1.0 -2023-05-16 11:49:39 [info] [RoutesResolver] [None] AppController {/}:
[Build] 1.0 -2023-05-16 11:49:39 [info] [RouterExplorer] [None] Mapped {/, GET} route
[Build] 1.0 -2023-05-16 11:49:39 [info] [RoutesResolver] [None] DepartmentController {/api/v1}:
[Build] 1.0 -2023-05-16 11:49:39 [info] [RouterExplorer] [None] Mapped {/api/v1/department/addDepartment, POST} route
[Build] 1.0 -2023-05-16 11:49:39 [info] [RouterExplorer] [None] Mapped {/api/v1/department/editDepartment, POST} route
[Build] 1.0 -2023-05-16 11:49:39 [info] [RouterExplorer] [None] Mapped {/api/v1/department/deleteDepartment/:id, DELETE} route
[Build] 1.0 -2023-05-16 11:49:39 [info] [RouterExplorer] [None] Mapped {/api/v1/department/getAllDepartment, GET} route
[Build] 1.0 -2023-05-16 11:49:39 [info] [RoutesResolver] [None] StudentController {/api/v1}:
[Build] 1.0 -2023-05-16 11:49:39 [info] [RouterExplorer] [None] Mapped {/api/v1/student/addStudent, POST} route
[Build] 1.0 -2023-05-16 11:49:39 [info] [RouterExplorer] [None] Mapped {/api/v1/student/addStudentDetails, POST} route
[Build] 1.0 -2023-05-16 11:49:39 [info] [RouterExplorer] [None] Mapped {/api/v1/student/editStudentDetail, POST} route
[Build] 1.0 -2023-05-16 11:49:39 [info] [RouterExplorer] [None] Mapped {/api/v1/student/editStudent, POST} route
[Build] 1.0 -2023-05-16 11:49:39 [info] [RouterExplorer] [None] Mapped {/api/v1/student/getAllStudent, GET} route
[Build] 1.0 -2023-05-16 11:49:39 [info] [RoutesResolver] [None] TeacherController {/api/v1}:
[Build] 1.0 -2023-05-16 11:49:39 [info] [RouterExplorer] [None] Mapped {/api/v1/teacher/addTeacher, POST} route
[Build] 1.0 -2023-05-16 11:49:39 [info] [RouterExplorer] [None] Mapped {/api/v1/teacher/addStudentDetails, POST} route
[Build] 1.0 -2023-05-16 11:49:39 [info] [RouterExplorer] [None] Mapped {/api/v1/teacher/getAllTeacher, GET} route
[Build] 1.0 -2023-05-16 11:49:39 [info] [RoutesResolver] [None] CourseController {/api/v1}:
[Build] 1.0 -2023-05-16 11:49:39 [info] [RouterExplorer] [None] Mapped {/api/v1/course/addCourse, POST} route
[Build] 1.0 -2023-05-16 11:49:39 [info] [RouterExplorer] [None] Mapped {/api/v1/course/editCourse, POST} route
[Build] 1.0 -2023-05-16 11:49:39 [info] [RouterExplorer] [None] Mapped {/api/v1/course/deleteCourse/:id, DELETE} route
[Build] 1.0 -2023-05-16 11:49:39 [info] [RoutesResolver] [None] CommonController {/api/v1}:
[Build] 1.0 -2023-05-16 11:49:39 [info] [RouterExplorer] [None] Mapped {/api/v1/common/log/level, PUT} route
[Build] 1.0 -2023-05-16 11:49:39 [info] [NestApplication] [None] Nest application successfully started
[Build] 1.0 -2023-05-16 11:59:19 [info] [RoutesResolver] [None] AppController {/}:
[Build] 1.0 -2023-05-16 11:59:19 [info] [RouterExplorer] [None] Mapped {/, GET} route
[Build] 1.0 -2023-05-16 11:59:19 [info] [RoutesResolver] [None] DepartmentController {/api/v1}:
[Build] 1.0 -2023-05-16 11:59:19 [info] [RouterExplorer] [None] Mapped {/api/v1/department/addDepartment, POST} route
[Build] 1.0 -2023-05-16 11:59:19 [info] [RouterExplorer] [None] Mapped {/api/v1/department/editDepartment, POST} route
[Build] 1.0 -2023-05-16 11:59:19 [info] [RouterExplorer] [None] Mapped {/api/v1/department/deleteDepartment/:id, DELETE} route
[Build] 1.0 -2023-05-16 11:59:19 [info] [RouterExplorer] [None] Mapped {/api/v1/department/getAllDepartment, GET} route
[Build] 1.0 -2023-05-16 11:59:19 [info] [RoutesResolver] [None] StudentController {/api/v1}:
[Build] 1.0 -2023-05-16 11:59:19 [info] [RouterExplorer] [None] Mapped {/api/v1/student/addStudent, POST} route
[Build] 1.0 -2023-05-16 11:59:19 [info] [RouterExplorer] [None] Mapped {/api/v1/student/addStudentDetails, POST} route
[Build] 1.0 -2023-05-16 11:59:19 [info] [RouterExplorer] [None] Mapped {/api/v1/student/editStudentDetail, POST} route
[Build] 1.0 -2023-05-16 11:59:19 [info] [RouterExplorer] [None] Mapped {/api/v1/student/editStudent, POST} route
[Build] 1.0 -2023-05-16 11:59:19 [info] [RouterExplorer] [None] Mapped {/api/v1/student/getAllStudent, GET} route
[Build] 1.0 -2023-05-16 11:59:19 [info] [RoutesResolver] [None] TeacherController {/api/v1}:
[Build] 1.0 -2023-05-16 11:59:19 [info] [RouterExplorer] [None] Mapped {/api/v1/teacher/addTeacher, POST} route
[Build] 1.0 -2023-05-16 11:59:19 [info] [RouterExplorer] [None] Mapped {/api/v1/teacher/addStudentDetails, POST} route
[Build] 1.0 -2023-05-16 11:59:19 [info] [RouterExplorer] [None] Mapped {/api/v1/teacher/getAllTeacher, GET} route
[Build] 1.0 -2023-05-16 11:59:19 [info] [RoutesResolver] [None] CourseController {/api/v1}:
[Build] 1.0 -2023-05-16 11:59:19 [info] [RouterExplorer] [None] Mapped {/api/v1/course/addCourse, POST} route
[Build] 1.0 -2023-05-16 11:59:19 [info] [RouterExplorer] [None] Mapped {/api/v1/course/editCourse, POST} route
[Build] 1.0 -2023-05-16 11:59:19 [info] [RouterExplorer] [None] Mapped {/api/v1/course/deleteCourse/:id, DELETE} route
[Build] 1.0 -2023-05-16 11:59:19 [info] [RouterExplorer] [None] Mapped {/api/v1/course/getAllCourse, GET} route
[Build] 1.0 -2023-05-16 11:59:19 [info] [RoutesResolver] [None] CommonController {/api/v1}:
[Build] 1.0 -2023-05-16 11:59:19 [info] [RouterExplorer] [None] Mapped {/api/v1/common/log/level, PUT} route
[Build] 1.0 -2023-05-16 11:59:19 [info] [NestApplication] [None] Nest application successfully started
[Build] 1.0 -2023-05-16 12:00:24 [info] [RoutesResolver] [None] AppController {/}:
[Build] 1.0 -2023-05-16 12:00:24 [info] [RouterExplorer] [None] Mapped {/, GET} route
[Build] 1.0 -2023-05-16 12:00:24 [info] [RoutesResolver] [None] DepartmentController {/api/v1}:
[Build] 1.0 -2023-05-16 12:00:24 [info] [RouterExplorer] [None] Mapped {/api/v1/department/addDepartment, POST} route
[Build] 1.0 -2023-05-16 12:00:24 [info] [RouterExplorer] [None] Mapped {/api/v1/department/editDepartment, POST} route
[Build] 1.0 -2023-05-16 12:00:24 [info] [RouterExplorer] [None] Mapped {/api/v1/department/deleteDepartment/:id, DELETE} route
[Build] 1.0 -2023-05-16 12:00:24 [info] [RouterExplorer] [None] Mapped {/api/v1/department/getAllDepartment, GET} route
[Build] 1.0 -2023-05-16 12:00:24 [info] [RoutesResolver] [None] StudentController {/api/v1}:
[Build] 1.0 -2023-05-16 12:00:24 [info] [RouterExplorer] [None] Mapped {/api/v1/student/addStudent, POST} route
[Build] 1.0 -2023-05-16 12:00:24 [info] [RouterExplorer] [None] Mapped {/api/v1/student/addStudentDetails, POST} route
[Build] 1.0 -2023-05-16 12:00:24 [info] [RouterExplorer] [None] Mapped {/api/v1/student/editStudentDetail, POST} route
[Build] 1.0 -2023-05-16 12:00:24 [info] [RouterExplorer] [None] Mapped {/api/v1/student/editStudent, POST} route
[Build] 1.0 -2023-05-16 12:00:24 [info] [RouterExplorer] [None] Mapped {/api/v1/student/getAllStudent, GET} route
[Build] 1.0 -2023-05-16 12:00:24 [info] [RoutesResolver] [None] TeacherController {/api/v1}:
[Build] 1.0 -2023-05-16 12:00:24 [info] [RouterExplorer] [None] Mapped {/api/v1/teacher/addTeacher, POST} route
[Build] 1.0 -2023-05-16 12:00:24 [info] [RouterExplorer] [None] Mapped {/api/v1/teacher/addStudentDetails, POST} route
[Build] 1.0 -2023-05-16 12:00:24 [info] [RouterExplorer] [None] Mapped {/api/v1/teacher/getAllTeacher, GET} route
[Build] 1.0 -2023-05-16 12:00:24 [info] [RoutesResolver] [None] CourseController {/api/v1}:
[Build] 1.0 -2023-05-16 12:00:24 [info] [RouterExplorer] [None] Mapped {/api/v1/course/addCourse, POST} route
[Build] 1.0 -2023-05-16 12:00:24 [info] [RouterExplorer] [None] Mapped {/api/v1/course/editCourse, POST} route
[Build] 1.0 -2023-05-16 12:00:24 [info] [RouterExplorer] [None] Mapped {/api/v1/course/deleteCourse/:id, DELETE} route
[Build] 1.0 -2023-05-16 12:00:24 [info] [RouterExplorer] [None] Mapped {/api/v1/course/getAllCourse, GET} route
[Build] 1.0 -2023-05-16 12:00:24 [info] [RoutesResolver] [None] CommonController {/api/v1}:
[Build] 1.0 -2023-05-16 12:00:24 [info] [RouterExplorer] [None] Mapped {/api/v1/common/log/level, PUT} route
[Build] 1.0 -2023-05-16 12:00:24 [info] [NestApplication] [None] Nest application successfully started
[Build] 1.0 -2023-05-16 12:51:39 [info] [RoutesResolver] [None] AppController {/}:
[Build] 1.0 -2023-05-16 12:51:39 [info] [RouterExplorer] [None] Mapped {/, GET} route
[Build] 1.0 -2023-05-16 12:51:39 [info] [RoutesResolver] [None] DepartmentController {/api/v1}:
[Build] 1.0 -2023-05-16 12:51:39 [info] [RouterExplorer] [None] Mapped {/api/v1/department/addDepartment, POST} route
[Build] 1.0 -2023-05-16 12:51:39 [info] [RouterExplorer] [None] Mapped {/api/v1/department/editDepartment, POST} route
[Build] 1.0 -2023-05-16 12:51:39 [info] [RouterExplorer] [None] Mapped {/api/v1/department/deleteDepartment/:id, DELETE} route
[Build] 1.0 -2023-05-16 12:51:39 [info] [RouterExplorer] [None] Mapped {/api/v1/department/getAllDepartment, GET} route
[Build] 1.0 -2023-05-16 12:51:39 [info] [RoutesResolver] [None] StudentController {/api/v1}:
[Build] 1.0 -2023-05-16 12:51:39 [info] [RouterExplorer] [None] Mapped {/api/v1/student/addStudent, POST} route
[Build] 1.0 -2023-05-16 12:51:39 [info] [RouterExplorer] [None] Mapped {/api/v1/student/addStudentDetails, POST} route
[Build] 1.0 -2023-05-16 12:51:39 [info] [RouterExplorer] [None] Mapped {/api/v1/student/editStudentDetail, POST} route
[Build] 1.0 -2023-05-16 12:51:39 [info] [RouterExplorer] [None] Mapped {/api/v1/student/editStudent, POST} route
[Build] 1.0 -2023-05-16 12:51:39 [info] [RouterExplorer] [None] Mapped {/api/v1/student/getAllStudent, GET} route
[Build] 1.0 -2023-05-16 12:51:39 [info] [RoutesResolver] [None] TeacherController {/api/v1}:
[Build] 1.0 -2023-05-16 12:51:39 [info] [RouterExplorer] [None] Mapped {/api/v1/teacher/addTeacher, POST} route
[Build] 1.0 -2023-05-16 12:51:39 [info] [RouterExplorer] [None] Mapped {/api/v1/teacher/addStudentDetails, POST} route
[Build] 1.0 -2023-05-16 12:51:39 [info] [RouterExplorer] [None] Mapped {/api/v1/teacher/getAllTeacher, GET} route
[Build] 1.0 -2023-05-16 12:51:39 [info] [RoutesResolver] [None] CourseController {/api/v1}:
[Build] 1.0 -2023-05-16 12:51:39 [info] [RouterExplorer] [None] Mapped {/api/v1/course/addCourse, POST} route
[Build] 1.0 -2023-05-16 12:51:39 [info] [RouterExplorer] [None] Mapped {/api/v1/course/editCourse, POST} route
[Build] 1.0 -2023-05-16 12:51:39 [info] [RouterExplorer] [None] Mapped {/api/v1/course/deleteCourse/:id, DELETE} route
[Build] 1.0 -2023-05-16 12:51:39 [info] [RouterExplorer] [None] Mapped {/api/v1/course/getAllCourse, GET} route
[Build] 1.0 -2023-05-16 12:51:39 [info] [RoutesResolver] [None] CommonController {/api/v1}:
[Build] 1.0 -2023-05-16 12:51:39 [info] [RouterExplorer] [None] Mapped {/api/v1/common/log/level, PUT} route
[Build] 1.0 -2023-05-16 12:51:39 [info] [NestApplication] [None] Nest application successfully started
[Build] 1.0 -2023-05-16 12:51:46 [info] [CourseController] [None] Enter get all course method
[Build] 1.0 -2023-05-16 12:51:46 [info] [CourseService] [None] Enter getAllCourse service method
[Build] 1.0 -2023-05-16 12:51:46 [debug] [CourseService] [None] student service response [{"id":"0e93120c-d56a-4c0c-876b-a665eecaed4a","name":"tech","created_at":"2023-05-09T11:58:47.851Z"},{"id":"73b67656-9325-4309-8edf-2a646e6fc92d","name":"math","created_at":"2023-05-09T11:59:00.308Z"},{"id":"51ec1ad2-8a3f-4356-89fb-16527043449d","name":"hindi","created_at":"2023-05-09T11:59:06.758Z"},{"id":"9e00bec6-c6fb-4086-9b3a-daf1668e3c88","name":"sci","created_at":"2023-05-09T12:50:40.948Z"},{"id":"91a93eea-9734-4245-b3e0-bf818df36a7a","name":"math","created_at":"2023-05-09T12:50:40.948Z"},{"id":"88f4ea01-c32f-4c71-addd-3be292e914c5","name":"hindi","created_at":"2023-05-09T12:52:38.313Z"},{"id":"6459b54f-0f9f-4830-b2d7-d48e33ae5434","name":"hindi","created_at":"2023-05-09T11:59:13.865Z"}]
[Build] 1.0 -2023-05-16 12:51:46 [info] [CourseService] [None] End getAllCourse service method
[Build] 1.0 -2023-05-16 12:51:46 [info] [ResponseUtility] [None] Enter Enter getResponse method method
[Build] 1.0 -2023-05-16 12:51:46 [info] [ResponseUtility] [None] Enter Enter getReqMethodTypeStatusCode method method
[Build] 1.0 -2023-05-16 12:51:46 [debug] [ResponseUtility] [None] Method type GET
[Build] 1.0 -2023-05-16 12:51:46 [info] [ResponseUtility] [None] End End getReqMethodTypeStatusCode method method
[Build] 1.0 -2023-05-16 12:51:46 [debug] [ResponseUtility] [None] Status code :: 200
[Build] 1.0 -2023-05-16 12:51:46 [debug] [ResponseUtility] [None] Response :: {"res_data":{"data":[{"id":"0e93120c-d56a-4c0c-876b-a665eecaed4a","name":"tech","created_at":"2023-05-09T11:58:47.851Z"},{"id":"73b67656-9325-4309-8edf-2a646e6fc92d","name":"math","created_at":"2023-05-09T11:59:00.308Z"},{"id":"51ec1ad2-8a3f-4356-89fb-16527043449d","name":"hindi","created_at":"2023-05-09T11:59:06.758Z"},{"id":"9e00bec6-c6fb-4086-9b3a-daf1668e3c88","name":"sci","created_at":"2023-05-09T12:50:40.948Z"},{"id":"91a93eea-9734-4245-b3e0-bf818df36a7a","name":"math","created_at":"2023-05-09T12:50:40.948Z"},{"id":"88f4ea01-c32f-4c71-addd-3be292e914c5","name":"hindi","created_at":"2023-05-09T12:52:38.313Z"},{"id":"6459b54f-0f9f-4830-b2d7-d48e33ae5434","name":"hindi","created_at":"2023-05-09T11:59:13.865Z"}],"message":"Course fatch successfully.","status_code":200}}
[Build] 1.0 -2023-05-16 12:51:46 [info] [ResponseUtility] [None] End End getResponse method method
[Build] 1.0 -2023-05-16 12:51:46 [debug] [CourseController] [None] Course response {"res_data":{"data":[{"id":"0e93120c-d56a-4c0c-876b-a665eecaed4a","name":"tech","created_at":"2023-05-09T11:58:47.851Z"},{"id":"73b67656-9325-4309-8edf-2a646e6fc92d","name":"math","created_at":"2023-05-09T11:59:00.308Z"},{"id":"51ec1ad2-8a3f-4356-89fb-16527043449d","name":"hindi","created_at":"2023-05-09T11:59:06.758Z"},{"id":"9e00bec6-c6fb-4086-9b3a-daf1668e3c88","name":"sci","created_at":"2023-05-09T12:50:40.948Z"},{"id":"91a93eea-9734-4245-b3e0-bf818df36a7a","name":"math","created_at":"2023-05-09T12:50:40.948Z"},{"id":"88f4ea01-c32f-4c71-addd-3be292e914c5","name":"hindi","created_at":"2023-05-09T12:52:38.313Z"},{"id":"6459b54f-0f9f-4830-b2d7-d48e33ae5434","name":"hindi","created_at":"2023-05-09T11:59:13.865Z"}],"message":"Course fatch successfully.","status_code":200}}
[Build] 1.0 -2023-05-16 12:51:46 [debug] [CourseController] [None] Course response {"res_data":{"data":[{"id":"0e93120c-d56a-4c0c-876b-a665eecaed4a","name":"tech","created_at":"2023-05-09T11:58:47.851Z"},{"id":"73b67656-9325-4309-8edf-2a646e6fc92d","name":"math","created_at":"2023-05-09T11:59:00.308Z"},{"id":"51ec1ad2-8a3f-4356-89fb-16527043449d","name":"hindi","created_at":"2023-05-09T11:59:06.758Z"},{"id":"9e00bec6-c6fb-4086-9b3a-daf1668e3c88","name":"sci","created_at":"2023-05-09T12:50:40.948Z"},{"id":"91a93eea-9734-4245-b3e0-bf818df36a7a","name":"math","created_at":"2023-05-09T12:50:40.948Z"},{"id":"88f4ea01-c32f-4c71-addd-3be292e914c5","name":"hindi","created_at":"2023-05-09T12:52:38.313Z"},{"id":"6459b54f-0f9f-4830-b2d7-d48e33ae5434","name":"hindi","created_at":"2023-05-09T11:59:13.865Z"}],"message":"Course fatch successfully.","status_code":200}}
[Build] 1.0 -2023-05-16 12:51:46 [info] [CourseController] [None] End get all course method
[Build] 1.0 -2023-05-16 13:17:43 [info] [TeacherController] [None] Enter get all teacher method
[Build] 1.0 -2023-05-16 13:17:43 [info] [TeacherService] [None] Enter getAllTeacher service method
[Build] 1.0 -2023-05-16 13:17:43 [debug] [TeacherService] [None] teacher service response [{"id":"8d922f17-58c9-455d-bc97-35c881c6053a","email":"teacher1@gmail.com","password":"abc","department_id":"0c3bf9e2-546b-428f-af6d-4f9713e6c25f","created_at":"2023-05-12T09:44:59.398Z","department":{"id":"0c3bf9e2-546b-428f-af6d-4f9713e6c25f","name":"sci","created_at":"2023-05-05T11:03:49.532Z"},"teacher_detail":null,"courses":[{"id":"91a93eea-9734-4245-b3e0-bf818df36a7a","name":"math","created_at":"2023-05-09T12:50:40.948Z"}]},{"id":"2064d010-34f9-4d5b-b5fb-d816dac1d471","email":"teacher2@gmail.com","password":"abc","department_id":"0c3bf9e2-546b-428f-af6d-4f9713e6c25f","created_at":"2023-05-12T09:47:18.169Z","department":{"id":"0c3bf9e2-546b-428f-af6d-4f9713e6c25f","name":"sci","created_at":"2023-05-05T11:03:49.532Z"},"teacher_detail":null,"courses":[{"id":"91a93eea-9734-4245-b3e0-bf818df36a7a","name":"math","created_at":"2023-05-09T12:50:40.948Z"}]}]
[Build] 1.0 -2023-05-16 13:17:43 [info] [TeacherService] [None] End getAllTeacher service method
[Build] 1.0 -2023-05-16 13:17:43 [info] [ResponseUtility] [None] Enter Enter getResponse method method
[Build] 1.0 -2023-05-16 13:17:43 [info] [ResponseUtility] [None] Enter Enter getReqMethodTypeStatusCode method method
[Build] 1.0 -2023-05-16 13:17:43 [debug] [ResponseUtility] [None] Method type GET
[Build] 1.0 -2023-05-16 13:17:43 [info] [ResponseUtility] [None] End End getReqMethodTypeStatusCode method method
[Build] 1.0 -2023-05-16 13:17:43 [debug] [ResponseUtility] [None] Status code :: 200
[Build] 1.0 -2023-05-16 13:17:43 [debug] [ResponseUtility] [None] Response :: {"res_data":{"data":[{"id":"8d922f17-58c9-455d-bc97-35c881c6053a","email":"teacher1@gmail.com","password":"abc","department_id":"0c3bf9e2-546b-428f-af6d-4f9713e6c25f","created_at":"2023-05-12T09:44:59.398Z","department":{"id":"0c3bf9e2-546b-428f-af6d-4f9713e6c25f","name":"sci","created_at":"2023-05-05T11:03:49.532Z"},"teacher_detail":null,"courses":[{"id":"91a93eea-9734-4245-b3e0-bf818df36a7a","name":"math","created_at":"2023-05-09T12:50:40.948Z"}]},{"id":"2064d010-34f9-4d5b-b5fb-d816dac1d471","email":"teacher2@gmail.com","password":"abc","department_id":"0c3bf9e2-546b-428f-af6d-4f9713e6c25f","created_at":"2023-05-12T09:47:18.169Z","department":{"id":"0c3bf9e2-546b-428f-af6d-4f9713e6c25f","name":"sci","created_at":"2023-05-05T11:03:49.532Z"},"teacher_detail":null,"courses":[{"id":"91a93eea-9734-4245-b3e0-bf818df36a7a","name":"math","created_at":"2023-05-09T12:50:40.948Z"}]}],"message":"Teacher fatch successfully.","status_code":200}}
[Build] 1.0 -2023-05-16 13:17:43 [info] [ResponseUtility] [None] End End getResponse method method
[Build] 1.0 -2023-05-16 13:17:43 [debug] [TeacherController] [None] Teacher response {"res_data":{"data":[{"id":"8d922f17-58c9-455d-bc97-35c881c6053a","email":"teacher1@gmail.com","password":"abc","department_id":"0c3bf9e2-546b-428f-af6d-4f9713e6c25f","created_at":"2023-05-12T09:44:59.398Z","department":{"id":"0c3bf9e2-546b-428f-af6d-4f9713e6c25f","name":"sci","created_at":"2023-05-05T11:03:49.532Z"},"teacher_detail":null,"courses":[{"id":"91a93eea-9734-4245-b3e0-bf818df36a7a","name":"math","created_at":"2023-05-09T12:50:40.948Z"}]},{"id":"2064d010-34f9-4d5b-b5fb-d816dac1d471","email":"teacher2@gmail.com","password":"abc","department_id":"0c3bf9e2-546b-428f-af6d-4f9713e6c25f","created_at":"2023-05-12T09:47:18.169Z","department":{"id":"0c3bf9e2-546b-428f-af6d-4f9713e6c25f","name":"sci","created_at":"2023-05-05T11:03:49.532Z"},"teacher_detail":null,"courses":[{"id":"91a93eea-9734-4245-b3e0-bf818df36a7a","name":"math","created_at":"2023-05-09T12:50:40.948Z"}]}],"message":"Teacher fatch successfully.","status_code":200}}
[Build] 1.0 -2023-05-16 13:17:43 [debug] [TeacherController] [None] Teacher response {"res_data":{"data":[{"id":"8d922f17-58c9-455d-bc97-35c881c6053a","email":"teacher1@gmail.com","password":"abc","department_id":"0c3bf9e2-546b-428f-af6d-4f9713e6c25f","created_at":"2023-05-12T09:44:59.398Z","department":{"id":"0c3bf9e2-546b-428f-af6d-4f9713e6c25f","name":"sci","created_at":"2023-05-05T11:03:49.532Z"},"teacher_detail":null,"courses":[{"id":"91a93eea-9734-4245-b3e0-bf818df36a7a","name":"math","created_at":"2023-05-09T12:50:40.948Z"}]},{"id":"2064d010-34f9-4d5b-b5fb-d816dac1d471","email":"teacher2@gmail.com","password":"abc","department_id":"0c3bf9e2-546b-428f-af6d-4f9713e6c25f","created_at":"2023-05-12T09:47:18.169Z","department":{"id":"0c3bf9e2-546b-428f-af6d-4f9713e6c25f","name":"sci","created_at":"2023-05-05T11:03:49.532Z"},"teacher_detail":null,"courses":[{"id":"91a93eea-9734-4245-b3e0-bf818df36a7a","name":"math","created_at":"2023-05-09T12:50:40.948Z"}]}],"message":"Teacher fatch successfully.","status_code":200}}
[Build] 1.0 -2023-05-16 13:17:43 [info] [TeacherController] [None] End get all teacher method
[Build] 1.0 -2023-05-16 13:38:55 [info] [RoutesResolver] [None] AppController {/}:
[Build] 1.0 -2023-05-16 13:38:55 [info] [RouterExplorer] [None] Mapped {/, GET} route
[Build] 1.0 -2023-05-16 13:38:55 [info] [RoutesResolver] [None] DepartmentController {/api/v1}:
[Build] 1.0 -2023-05-16 13:38:55 [info] [RouterExplorer] [None] Mapped {/api/v1/department/addDepartment, POST} route
[Build] 1.0 -2023-05-16 13:38:55 [info] [RouterExplorer] [None] Mapped {/api/v1/department/editDepartment, POST} route
[Build] 1.0 -2023-05-16 13:38:55 [info] [RouterExplorer] [None] Mapped {/api/v1/department/deleteDepartment/:id, DELETE} route
[Build] 1.0 -2023-05-16 13:38:55 [info] [RouterExplorer] [None] Mapped {/api/v1/department/getAllDepartment, GET} route
[Build] 1.0 -2023-05-16 13:38:55 [info] [RoutesResolver] [None] StudentController {/api/v1}:
[Build] 1.0 -2023-05-16 13:38:55 [info] [RouterExplorer] [None] Mapped {/api/v1/student/addStudent, POST} route
[Build] 1.0 -2023-05-16 13:38:55 [info] [RouterExplorer] [None] Mapped {/api/v1/student/addStudentDetails, POST} route
[Build] 1.0 -2023-05-16 13:38:55 [info] [RouterExplorer] [None] Mapped {/api/v1/student/editStudentDetail, POST} route
[Build] 1.0 -2023-05-16 13:38:55 [info] [RouterExplorer] [None] Mapped {/api/v1/student/editStudent, POST} route
[Build] 1.0 -2023-05-16 13:38:55 [info] [RouterExplorer] [None] Mapped {/api/v1/student/getAllStudent, GET} route
[Build] 1.0 -2023-05-16 13:38:55 [info] [RoutesResolver] [None] TeacherController {/api/v1}:
[Build] 1.0 -2023-05-16 13:38:55 [info] [RouterExplorer] [None] Mapped {/api/v1/teacher/addTeacher, POST} route
[Build] 1.0 -2023-05-16 13:38:55 [info] [RouterExplorer] [None] Mapped {/api/v1/teacher/addStudentDetails, POST} route
[Build] 1.0 -2023-05-16 13:38:55 [info] [RouterExplorer] [None] Mapped {/api/v1/teacher/getAllTeacher, GET} route
[Build] 1.0 -2023-05-16 13:38:55 [info] [RoutesResolver] [None] CourseController {/api/v1}:
[Build] 1.0 -2023-05-16 13:38:55 [info] [RouterExplorer] [None] Mapped {/api/v1/course/addCourse, POST} route
[Build] 1.0 -2023-05-16 13:38:55 [info] [RouterExplorer] [None] Mapped {/api/v1/course/editCourse, POST} route
[Build] 1.0 -2023-05-16 13:38:55 [info] [RouterExplorer] [None] Mapped {/api/v1/course/deleteCourse/:id, DELETE} route
[Build] 1.0 -2023-05-16 13:38:55 [info] [RouterExplorer] [None] Mapped {/api/v1/course/getAllCourse, GET} route
[Build] 1.0 -2023-05-16 13:38:55 [info] [RoutesResolver] [None] CommonController {/api/v1}:
[Build] 1.0 -2023-05-16 13:38:55 [info] [RouterExplorer] [None] Mapped {/api/v1/common/log/level, PUT} route
[Build] 1.0 -2023-05-16 13:38:55 [info] [NestApplication] [None] Nest application successfully started
[Build] 1.0 -2023-05-16 13:41:56 [info] [RoutesResolver] [None] AppController {/}:
[Build] 1.0 -2023-05-16 13:41:56 [info] [RouterExplorer] [None] Mapped {/, GET} route
[Build] 1.0 -2023-05-16 13:41:56 [info] [RoutesResolver] [None] DepartmentController {/api/v1}:
[Build] 1.0 -2023-05-16 13:41:56 [info] [RouterExplorer] [None] Mapped {/api/v1/department/addDepartment, POST} route
[Build] 1.0 -2023-05-16 13:41:56 [info] [RouterExplorer] [None] Mapped {/api/v1/department/editDepartment, POST} route
[Build] 1.0 -2023-05-16 13:41:56 [info] [RouterExplorer] [None] Mapped {/api/v1/department/deleteDepartment/:id, DELETE} route
[Build] 1.0 -2023-05-16 13:41:56 [info] [RouterExplorer] [None] Mapped {/api/v1/department/getAllDepartment, GET} route
[Build] 1.0 -2023-05-16 13:41:56 [info] [RoutesResolver] [None] StudentController {/api/v1}:
[Build] 1.0 -2023-05-16 13:41:56 [info] [RouterExplorer] [None] Mapped {/api/v1/student/addStudent, POST} route
[Build] 1.0 -2023-05-16 13:41:56 [info] [RouterExplorer] [None] Mapped {/api/v1/student/addStudentDetails, POST} route
[Build] 1.0 -2023-05-16 13:41:56 [info] [RouterExplorer] [None] Mapped {/api/v1/student/editStudentDetail, POST} route
[Build] 1.0 -2023-05-16 13:41:56 [info] [RouterExplorer] [None] Mapped {/api/v1/student/editStudent, POST} route
[Build] 1.0 -2023-05-16 13:41:56 [info] [RouterExplorer] [None] Mapped {/api/v1/student/getAllStudent, GET} route
[Build] 1.0 -2023-05-16 13:41:56 [info] [RoutesResolver] [None] TeacherController {/api/v1}:
[Build] 1.0 -2023-05-16 13:41:56 [info] [RouterExplorer] [None] Mapped {/api/v1/teacher/addTeacher, POST} route
[Build] 1.0 -2023-05-16 13:41:56 [info] [RouterExplorer] [None] Mapped {/api/v1/teacher/addStudentDetails, POST} route
[Build] 1.0 -2023-05-16 13:41:56 [info] [RouterExplorer] [None] Mapped {/api/v1/teacher/getAllTeacher, GET} route
[Build] 1.0 -2023-05-16 13:41:56 [info] [RoutesResolver] [None] CourseController {/api/v1}:
[Build] 1.0 -2023-05-16 13:41:56 [info] [RouterExplorer] [None] Mapped {/api/v1/course/addCourse, POST} route
[Build] 1.0 -2023-05-16 13:41:56 [info] [RouterExplorer] [None] Mapped {/api/v1/course/editCourse, POST} route
[Build] 1.0 -2023-05-16 13:41:56 [info] [RouterExplorer] [None] Mapped {/api/v1/course/deleteCourse/:id, DELETE} route
[Build] 1.0 -2023-05-16 13:41:56 [info] [RouterExplorer] [None] Mapped {/api/v1/course/getAllCourse, GET} route
[Build] 1.0 -2023-05-16 13:41:56 [info] [RoutesResolver] [None] CommonController {/api/v1}:
[Build] 1.0 -2023-05-16 13:41:56 [info] [RouterExplorer] [None] Mapped {/api/v1/common/log/level, PUT} route
[Build] 1.0 -2023-05-16 13:41:56 [info] [NestApplication] [None] Nest application successfully started
[Build] 1.0 -2023-05-16 13:42:26 [info] [RoutesResolver] [None] AppController {/}:
[Build] 1.0 -2023-05-16 13:42:26 [info] [RouterExplorer] [None] Mapped {/, GET} route
[Build] 1.0 -2023-05-16 13:42:26 [info] [RoutesResolver] [None] DepartmentController {/api/v1}:
[Build] 1.0 -2023-05-16 13:42:26 [info] [RouterExplorer] [None] Mapped {/api/v1/department/addDepartment, POST} route
[Build] 1.0 -2023-05-16 13:42:26 [info] [RouterExplorer] [None] Mapped {/api/v1/department/editDepartment, POST} route
[Build] 1.0 -2023-05-16 13:42:26 [info] [RouterExplorer] [None] Mapped {/api/v1/department/deleteDepartment/:id, DELETE} route
[Build] 1.0 -2023-05-16 13:42:26 [info] [RouterExplorer] [None] Mapped {/api/v1/department/getAllDepartment, GET} route
[Build] 1.0 -2023-05-16 13:42:26 [info] [RoutesResolver] [None] StudentController {/api/v1}:
[Build] 1.0 -2023-05-16 13:42:26 [info] [RouterExplorer] [None] Mapped {/api/v1/student/addStudent, POST} route
[Build] 1.0 -2023-05-16 13:42:26 [info] [RouterExplorer] [None] Mapped {/api/v1/student/addStudentDetails, POST} route
[Build] 1.0 -2023-05-16 13:42:26 [info] [RouterExplorer] [None] Mapped {/api/v1/student/editStudentDetail, POST} route
[Build] 1.0 -2023-05-16 13:42:26 [info] [RouterExplorer] [None] Mapped {/api/v1/student/editStudent, POST} route
[Build] 1.0 -2023-05-16 13:42:26 [info] [RouterExplorer] [None] Mapped {/api/v1/student/getAllStudent, GET} route
[Build] 1.0 -2023-05-16 13:42:26 [info] [RoutesResolver] [None] TeacherController {/api/v1}:
[Build] 1.0 -2023-05-16 13:42:26 [info] [RouterExplorer] [None] Mapped {/api/v1/teacher/addTeacher, POST} route
[Build] 1.0 -2023-05-16 13:42:26 [info] [RouterExplorer] [None] Mapped {/api/v1/teacher/addStudentDetails, POST} route
[Build] 1.0 -2023-05-16 13:42:26 [info] [RouterExplorer] [None] Mapped {/api/v1/teacher/getAllTeacher, GET} route
[Build] 1.0 -2023-05-16 13:42:26 [info] [RoutesResolver] [None] CourseController {/api/v1}:
[Build] 1.0 -2023-05-16 13:42:26 [info] [RouterExplorer] [None] Mapped {/api/v1/course/addCourse, POST} route
[Build] 1.0 -2023-05-16 13:42:26 [info] [RouterExplorer] [None] Mapped {/api/v1/course/editCourse, POST} route
[Build] 1.0 -2023-05-16 13:42:26 [info] [RouterExplorer] [None] Mapped {/api/v1/course/deleteCourse/:id, DELETE} route
[Build] 1.0 -2023-05-16 13:42:26 [info] [RouterExplorer] [None] Mapped {/api/v1/course/getAllCourse, GET} route
[Build] 1.0 -2023-05-16 13:42:26 [info] [RoutesResolver] [None] CommonController {/api/v1}:
[Build] 1.0 -2023-05-16 13:42:26 [info] [RouterExplorer] [None] Mapped {/api/v1/common/log/level, PUT} route
[Build] 1.0 -2023-05-16 13:42:26 [info] [NestApplication] [None] Nest application successfully started
[Build] 1.0 -2023-05-16 13:53:34 [info] [RoutesResolver] [None] AppController {/}:
[Build] 1.0 -2023-05-16 13:53:34 [info] [RouterExplorer] [None] Mapped {/, GET} route
[Build] 1.0 -2023-05-16 13:53:34 [info] [RoutesResolver] [None] DepartmentController {/api/v1}:
[Build] 1.0 -2023-05-16 13:53:34 [info] [RouterExplorer] [None] Mapped {/api/v1/department/addDepartment, POST} route
[Build] 1.0 -2023-05-16 13:53:34 [info] [RouterExplorer] [None] Mapped {/api/v1/department/editDepartment, POST} route
[Build] 1.0 -2023-05-16 13:53:34 [info] [RouterExplorer] [None] Mapped {/api/v1/department/deleteDepartment/:id, DELETE} route
[Build] 1.0 -2023-05-16 13:53:34 [info] [RouterExplorer] [None] Mapped {/api/v1/department/getAllDepartment, GET} route
[Build] 1.0 -2023-05-16 13:53:34 [info] [RoutesResolver] [None] StudentController {/api/v1}:
[Build] 1.0 -2023-05-16 13:53:34 [info] [RouterExplorer] [None] Mapped {/api/v1/student/addStudent, POST} route
[Build] 1.0 -2023-05-16 13:53:34 [info] [RouterExplorer] [None] Mapped {/api/v1/student/addStudentDetails, POST} route
[Build] 1.0 -2023-05-16 13:53:34 [info] [RouterExplorer] [None] Mapped {/api/v1/student/editStudentDetail, POST} route
[Build] 1.0 -2023-05-16 13:53:34 [info] [RouterExplorer] [None] Mapped {/api/v1/student/editStudent, POST} route
[Build] 1.0 -2023-05-16 13:53:34 [info] [RouterExplorer] [None] Mapped {/api/v1/student/getAllStudent, GET} route
[Build] 1.0 -2023-05-16 13:53:34 [info] [RoutesResolver] [None] TeacherController {/api/v1}:
[Build] 1.0 -2023-05-16 13:53:34 [info] [RouterExplorer] [None] Mapped {/api/v1/teacher/addTeacher, POST} route
[Build] 1.0 -2023-05-16 13:53:34 [info] [RouterExplorer] [None] Mapped {/api/v1/teacher/addStudentDetails, POST} route
[Build] 1.0 -2023-05-16 13:53:34 [info] [RouterExplorer] [None] Mapped {/api/v1/teacher/getAllTeacher, GET} route
[Build] 1.0 -2023-05-16 13:53:34 [info] [RoutesResolver] [None] CourseController {/api/v1}:
[Build] 1.0 -2023-05-16 13:53:34 [info] [RouterExplorer] [None] Mapped {/api/v1/course/addCourse, POST} route
[Build] 1.0 -2023-05-16 13:53:34 [info] [RouterExplorer] [None] Mapped {/api/v1/course/editCourse, POST} route
[Build] 1.0 -2023-05-16 13:53:34 [info] [RouterExplorer] [None] Mapped {/api/v1/course/deleteCourse/:id, DELETE} route
[Build] 1.0 -2023-05-16 13:53:34 [info] [RouterExplorer] [None] Mapped {/api/v1/course/getAllCourse, GET} route
[Build] 1.0 -2023-05-16 13:53:34 [info] [RoutesResolver] [None] CommonController {/api/v1}:
[Build] 1.0 -2023-05-16 13:53:34 [info] [RouterExplorer] [None] Mapped {/api/v1/common/log/level, PUT} route
[Build] 1.0 -2023-05-16 13:53:34 [info] [NestApplication] [None] Nest application successfully started
[Build] 1.0 -2023-05-16 13:54:10 [info] [RoutesResolver] [None] AppController {/}:
[Build] 1.0 -2023-05-16 13:54:10 [info] [RouterExplorer] [None] Mapped {/, GET} route
[Build] 1.0 -2023-05-16 13:54:10 [info] [RoutesResolver] [None] DepartmentController {/api/v1}:
[Build] 1.0 -2023-05-16 13:54:10 [info] [RouterExplorer] [None] Mapped {/api/v1/department/addDepartment, POST} route
[Build] 1.0 -2023-05-16 13:54:10 [info] [RouterExplorer] [None] Mapped {/api/v1/department/editDepartment, POST} route
[Build] 1.0 -2023-05-16 13:54:10 [info] [RouterExplorer] [None] Mapped {/api/v1/department/deleteDepartment/:id, DELETE} route
[Build] 1.0 -2023-05-16 13:54:10 [info] [RouterExplorer] [None] Mapped {/api/v1/department/getAllDepartment, GET} route
[Build] 1.0 -2023-05-16 13:54:10 [info] [RoutesResolver] [None] StudentController {/api/v1}:
[Build] 1.0 -2023-05-16 13:54:10 [info] [RouterExplorer] [None] Mapped {/api/v1/student/addStudent, POST} route
[Build] 1.0 -2023-05-16 13:54:10 [info] [RouterExplorer] [None] Mapped {/api/v1/student/addStudentDetails, POST} route
[Build] 1.0 -2023-05-16 13:54:10 [info] [RouterExplorer] [None] Mapped {/api/v1/student/editStudentDetail, POST} route
[Build] 1.0 -2023-05-16 13:54:10 [info] [RouterExplorer] [None] Mapped {/api/v1/student/editStudent, POST} route
[Build] 1.0 -2023-05-16 13:54:10 [info] [RouterExplorer] [None] Mapped {/api/v1/student/getAllStudent, GET} route
[Build] 1.0 -2023-05-16 13:54:10 [info] [RoutesResolver] [None] TeacherController {/api/v1}:
[Build] 1.0 -2023-05-16 13:54:10 [info] [RouterExplorer] [None] Mapped {/api/v1/teacher/addTeacher, POST} route
[Build] 1.0 -2023-05-16 13:54:10 [info] [RouterExplorer] [None] Mapped {/api/v1/teacher/addStudentDetails, POST} route
[Build] 1.0 -2023-05-16 13:54:10 [info] [RouterExplorer] [None] Mapped {/api/v1/teacher/getAllTeacher, GET} route
[Build] 1.0 -2023-05-16 13:54:10 [info] [RoutesResolver] [None] CourseController {/api/v1}:
[Build] 1.0 -2023-05-16 13:54:10 [info] [RouterExplorer] [None] Mapped {/api/v1/course/addCourse, POST} route
[Build] 1.0 -2023-05-16 13:54:10 [info] [RouterExplorer] [None] Mapped {/api/v1/course/editCourse, POST} route
[Build] 1.0 -2023-05-16 13:54:10 [info] [RouterExplorer] [None] Mapped {/api/v1/course/deleteCourse/:id, DELETE} route
[Build] 1.0 -2023-05-16 13:54:10 [info] [RouterExplorer] [None] Mapped {/api/v1/course/getAllCourse, GET} route
[Build] 1.0 -2023-05-16 13:54:10 [info] [RoutesResolver] [None] CommonController {/api/v1}:
[Build] 1.0 -2023-05-16 13:54:10 [info] [RouterExplorer] [None] Mapped {/api/v1/common/log/level, PUT} route
[Build] 1.0 -2023-05-16 13:54:10 [info] [NestApplication] [None] Nest application successfully started
[Build] 1.0 -2023-05-16 13:54:27 [info] [RoutesResolver] [None] AppController {/}:
[Build] 1.0 -2023-05-16 13:54:27 [info] [RouterExplorer] [None] Mapped {/, GET} route
[Build] 1.0 -2023-05-16 13:54:27 [info] [RoutesResolver] [None] DepartmentController {/api/v1}:
[Build] 1.0 -2023-05-16 13:54:27 [info] [RouterExplorer] [None] Mapped {/api/v1/department/addDepartment, POST} route
[Build] 1.0 -2023-05-16 13:54:27 [info] [RouterExplorer] [None] Mapped {/api/v1/department/editDepartment, POST} route
[Build] 1.0 -2023-05-16 13:54:27 [info] [RouterExplorer] [None] Mapped {/api/v1/department/deleteDepartment/:id, DELETE} route
[Build] 1.0 -2023-05-16 13:54:27 [info] [RouterExplorer] [None] Mapped {/api/v1/department/getAllDepartment, GET} route
[Build] 1.0 -2023-05-16 13:54:27 [info] [RoutesResolver] [None] StudentController {/api/v1}:
[Build] 1.0 -2023-05-16 13:54:27 [info] [RouterExplorer] [None] Mapped {/api/v1/student/addStudent, POST} route
[Build] 1.0 -2023-05-16 13:54:27 [info] [RouterExplorer] [None] Mapped {/api/v1/student/addStudentDetails, POST} route
[Build] 1.0 -2023-05-16 13:54:27 [info] [RouterExplorer] [None] Mapped {/api/v1/student/editStudentDetail, POST} route
[Build] 1.0 -2023-05-16 13:54:27 [info] [RouterExplorer] [None] Mapped {/api/v1/student/editStudent, POST} route
[Build] 1.0 -2023-05-16 13:54:27 [info] [RouterExplorer] [None] Mapped {/api/v1/student/getAllStudent, GET} route
[Build] 1.0 -2023-05-16 13:54:27 [info] [RoutesResolver] [None] TeacherController {/api/v1}:
[Build] 1.0 -2023-05-16 13:54:27 [info] [RouterExplorer] [None] Mapped {/api/v1/teacher/addTeacher, POST} route
[Build] 1.0 -2023-05-16 13:54:27 [info] [RouterExplorer] [None] Mapped {/api/v1/teacher/addStudentDetails, POST} route
[Build] 1.0 -2023-05-16 13:54:27 [info] [RouterExplorer] [None] Mapped {/api/v1/teacher/getAllTeacher, GET} route
[Build] 1.0 -2023-05-16 13:54:27 [info] [RoutesResolver] [None] CourseController {/api/v1}:
[Build] 1.0 -2023-05-16 13:54:27 [info] [RouterExplorer] [None] Mapped {/api/v1/course/addCourse, POST} route
[Build] 1.0 -2023-05-16 13:54:27 [info] [RouterExplorer] [None] Mapped {/api/v1/course/editCourse, POST} route
[Build] 1.0 -2023-05-16 13:54:27 [info] [RouterExplorer] [None] Mapped {/api/v1/course/deleteCourse/:id, DELETE} route
[Build] 1.0 -2023-05-16 13:54:27 [info] [RouterExplorer] [None] Mapped {/api/v1/course/getAllCourse, GET} route
[Build] 1.0 -2023-05-16 13:54:27 [info] [RoutesResolver] [None] CommonController {/api/v1}:
[Build] 1.0 -2023-05-16 13:54:27 [info] [RouterExplorer] [None] Mapped {/api/v1/common/log/level, PUT} route
[Build] 1.0 -2023-05-16 13:54:27 [info] [NestApplication] [None] Nest application successfully started
[Build] 1.0 -2023-05-16 14:05:15 [info] [RoutesResolver] [None] AppController {/}:
[Build] 1.0 -2023-05-16 14:05:15 [info] [RouterExplorer] [None] Mapped {/, GET} route
[Build] 1.0 -2023-05-16 14:05:15 [info] [RoutesResolver] [None] DepartmentController {/api/v1}:
[Build] 1.0 -2023-05-16 14:05:15 [info] [RouterExplorer] [None] Mapped {/api/v1/department/addDepartment, POST} route
[Build] 1.0 -2023-05-16 14:05:15 [info] [RouterExplorer] [None] Mapped {/api/v1/department/editDepartment, POST} route
[Build] 1.0 -2023-05-16 14:05:15 [info] [RouterExplorer] [None] Mapped {/api/v1/department/deleteDepartment/:id, DELETE} route
[Build] 1.0 -2023-05-16 14:05:15 [info] [RouterExplorer] [None] Mapped {/api/v1/department/getAllDepartment, GET} route
[Build] 1.0 -2023-05-16 14:05:15 [info] [RoutesResolver] [None] StudentController {/api/v1}:
[Build] 1.0 -2023-05-16 14:05:15 [info] [RouterExplorer] [None] Mapped {/api/v1/student/addStudent, POST} route
[Build] 1.0 -2023-05-16 14:05:15 [info] [RouterExplorer] [None] Mapped {/api/v1/student/addStudentDetails, POST} route
[Build] 1.0 -2023-05-16 14:05:15 [info] [RouterExplorer] [None] Mapped {/api/v1/student/editStudentDetail, POST} route
[Build] 1.0 -2023-05-16 14:05:15 [info] [RouterExplorer] [None] Mapped {/api/v1/student/editStudent, POST} route
[Build] 1.0 -2023-05-16 14:05:15 [info] [RouterExplorer] [None] Mapped {/api/v1/student/getAllStudent, GET} route
[Build] 1.0 -2023-05-16 14:05:15 [info] [RoutesResolver] [None] TeacherController {/api/v1}:
[Build] 1.0 -2023-05-16 14:05:15 [info] [RouterExplorer] [None] Mapped {/api/v1/teacher/addTeacher, POST} route
[Build] 1.0 -2023-05-16 14:05:15 [info] [RouterExplorer] [None] Mapped {/api/v1/teacher/addStudentDetails, POST} route
[Build] 1.0 -2023-05-16 14:05:15 [info] [RouterExplorer] [None] Mapped {/api/v1/teacher/getAllTeacher, GET} route
[Build] 1.0 -2023-05-16 14:05:15 [info] [RoutesResolver] [None] CourseController {/api/v1}:
[Build] 1.0 -2023-05-16 14:05:15 [info] [RouterExplorer] [None] Mapped {/api/v1/course/addCourse, POST} route
[Build] 1.0 -2023-05-16 14:05:15 [info] [RouterExplorer] [None] Mapped {/api/v1/course/editCourse, POST} route
[Build] 1.0 -2023-05-16 14:05:15 [info] [RouterExplorer] [None] Mapped {/api/v1/course/deleteCourse/:id, DELETE} route
[Build] 1.0 -2023-05-16 14:05:15 [info] [RouterExplorer] [None] Mapped {/api/v1/course/getAllCourse, GET} route
[Build] 1.0 -2023-05-16 14:05:15 [info] [RoutesResolver] [None] CommonController {/api/v1}:
[Build] 1.0 -2023-05-16 14:05:15 [info] [RouterExplorer] [None] Mapped {/api/v1/common/log/level, PUT} route
[Build] 1.0 -2023-05-16 14:05:15 [info] [NestApplication] [None] Nest application successfully started
[Build] 1.0 -2023-05-16 15:10:22 [info] [RoutesResolver] [None] AppController {/}:
[Build] 1.0 -2023-05-16 15:10:22 [info] [RouterExplorer] [None] Mapped {/, GET} route
[Build] 1.0 -2023-05-16 15:10:22 [info] [RoutesResolver] [None] DepartmentController {/api/v1}:
[Build] 1.0 -2023-05-16 15:10:22 [info] [RouterExplorer] [None] Mapped {/api/v1/department/addDepartment, POST} route
[Build] 1.0 -2023-05-16 15:10:22 [info] [RouterExplorer] [None] Mapped {/api/v1/department/editDepartment, POST} route
[Build] 1.0 -2023-05-16 15:10:22 [info] [RouterExplorer] [None] Mapped {/api/v1/department/deleteDepartment/:id, DELETE} route
[Build] 1.0 -2023-05-16 15:10:22 [info] [RouterExplorer] [None] Mapped {/api/v1/department/getAllDepartment, GET} route
[Build] 1.0 -2023-05-16 15:10:22 [info] [RoutesResolver] [None] StudentController {/api/v1}:
[Build] 1.0 -2023-05-16 15:10:22 [info] [RouterExplorer] [None] Mapped {/api/v1/student/addStudent, POST} route
[Build] 1.0 -2023-05-16 15:10:22 [info] [RouterExplorer] [None] Mapped {/api/v1/student/addStudentDetails, POST} route
[Build] 1.0 -2023-05-16 15:10:22 [info] [RouterExplorer] [None] Mapped {/api/v1/student/editStudentDetail, POST} route
[Build] 1.0 -2023-05-16 15:10:22 [info] [RouterExplorer] [None] Mapped {/api/v1/student/editStudent, POST} route
[Build] 1.0 -2023-05-16 15:10:22 [info] [RouterExplorer] [None] Mapped {/api/v1/student/getAllStudent, GET} route
[Build] 1.0 -2023-05-16 15:10:22 [info] [RoutesResolver] [None] TeacherController {/api/v1}:
[Build] 1.0 -2023-05-16 15:10:22 [info] [RouterExplorer] [None] Mapped {/api/v1/teacher/addTeacher, POST} route
[Build] 1.0 -2023-05-16 15:10:22 [info] [RouterExplorer] [None] Mapped {/api/v1/teacher/addStudentDetails, POST} route
[Build] 1.0 -2023-05-16 15:10:22 [info] [RouterExplorer] [None] Mapped {/api/v1/teacher/getAllTeacher, GET} route
[Build] 1.0 -2023-05-16 15:10:22 [info] [RoutesResolver] [None] CourseController {/api/v1}:
[Build] 1.0 -2023-05-16 15:10:22 [info] [RouterExplorer] [None] Mapped {/api/v1/course/addCourse, POST} route
[Build] 1.0 -2023-05-16 15:10:22 [info] [RouterExplorer] [None] Mapped {/api/v1/course/editCourse, POST} route
[Build] 1.0 -2023-05-16 15:10:22 [info] [RouterExplorer] [None] Mapped {/api/v1/course/deleteCourse/:id, DELETE} route
[Build] 1.0 -2023-05-16 15:10:22 [info] [RouterExplorer] [None] Mapped {/api/v1/course/getAllCourse, GET} route
[Build] 1.0 -2023-05-16 15:10:22 [info] [RoutesResolver] [None] CommonController {/api/v1}:
[Build] 1.0 -2023-05-16 15:10:22 [info] [RouterExplorer] [None] Mapped {/api/v1/common/log/level, PUT} route
[Build] 1.0 -2023-05-16 15:10:22 [info] [NestApplication] [None] Nest application successfully started
[Build] 1.0 -2023-05-16 15:22:54 [info] [RoutesResolver] [None] AppController {/}:
[Build] 1.0 -2023-05-16 15:22:54 [info] [RouterExplorer] [None] Mapped {/, GET} route
[Build] 1.0 -2023-05-16 15:22:54 [info] [RoutesResolver] [None] DepartmentController {/api/v1}:
[Build] 1.0 -2023-05-16 15:22:54 [info] [RouterExplorer] [None] Mapped {/api/v1/department/addDepartment, POST} route
[Build] 1.0 -2023-05-16 15:22:54 [info] [RouterExplorer] [None] Mapped {/api/v1/department/editDepartment, POST} route
[Build] 1.0 -2023-05-16 15:22:54 [info] [RouterExplorer] [None] Mapped {/api/v1/department/deleteDepartment/:id, DELETE} route
[Build] 1.0 -2023-05-16 15:22:54 [info] [RouterExplorer] [None] Mapped {/api/v1/department/getAllDepartment, GET} route
[Build] 1.0 -2023-05-16 15:22:54 [info] [RoutesResolver] [None] StudentController {/api/v1}:
[Build] 1.0 -2023-05-16 15:22:54 [info] [RouterExplorer] [None] Mapped {/api/v1/student/addStudent, POST} route
[Build] 1.0 -2023-05-16 15:22:54 [info] [RouterExplorer] [None] Mapped {/api/v1/student/addStudentDetails, POST} route
[Build] 1.0 -2023-05-16 15:22:54 [info] [RouterExplorer] [None] Mapped {/api/v1/student/editStudentDetail, POST} route
[Build] 1.0 -2023-05-16 15:22:54 [info] [RouterExplorer] [None] Mapped {/api/v1/student/editStudent, POST} route
[Build] 1.0 -2023-05-16 15:22:54 [info] [RouterExplorer] [None] Mapped {/api/v1/student/getAllStudent, GET} route
[Build] 1.0 -2023-05-16 15:22:54 [info] [RoutesResolver] [None] TeacherController {/api/v1}:
[Build] 1.0 -2023-05-16 15:22:54 [info] [RouterExplorer] [None] Mapped {/api/v1/teacher/addTeacher, POST} route
[Build] 1.0 -2023-05-16 15:22:54 [info] [RouterExplorer] [None] Mapped {/api/v1/teacher/addStudentDetails, POST} route
[Build] 1.0 -2023-05-16 15:22:54 [info] [RouterExplorer] [None] Mapped {/api/v1/teacher/getAllTeacher, GET} route
[Build] 1.0 -2023-05-16 15:22:54 [info] [RoutesResolver] [None] CourseController {/api/v1}:
[Build] 1.0 -2023-05-16 15:22:54 [info] [RouterExplorer] [None] Mapped {/api/v1/course/addCourse, POST} route
[Build] 1.0 -2023-05-16 15:22:54 [info] [RouterExplorer] [None] Mapped {/api/v1/course/editCourse, POST} route
[Build] 1.0 -2023-05-16 15:22:54 [info] [RouterExplorer] [None] Mapped {/api/v1/course/deleteCourse/:id, DELETE} route
[Build] 1.0 -2023-05-16 15:22:54 [info] [RouterExplorer] [None] Mapped {/api/v1/course/getAllCourse, GET} route
[Build] 1.0 -2023-05-16 15:22:54 [info] [RoutesResolver] [None] CommonController {/api/v1}:
[Build] 1.0 -2023-05-16 15:22:54 [info] [RouterExplorer] [None] Mapped {/api/v1/common/log/level, PUT} route
[Build] 1.0 -2023-05-16 15:22:54 [info] [NestApplication] [None] Nest application successfully started
[Build] 1.0 -2023-05-16 15:25:06 [info] [RoutesResolver] [None] AppController {/}:
[Build] 1.0 -2023-05-16 15:25:06 [info] [RouterExplorer] [None] Mapped {/, GET} route
[Build] 1.0 -2023-05-16 15:25:06 [info] [RoutesResolver] [None] DepartmentController {/api/v1}:
[Build] 1.0 -2023-05-16 15:25:06 [info] [RouterExplorer] [None] Mapped {/api/v1/department/addDepartment, POST} route
[Build] 1.0 -2023-05-16 15:25:06 [info] [RouterExplorer] [None] Mapped {/api/v1/department/editDepartment, POST} route
[Build] 1.0 -2023-05-16 15:25:06 [info] [RouterExplorer] [None] Mapped {/api/v1/department/deleteDepartment/:id, DELETE} route
[Build] 1.0 -2023-05-16 15:25:06 [info] [RouterExplorer] [None] Mapped {/api/v1/department/getAllDepartment, GET} route
[Build] 1.0 -2023-05-16 15:25:06 [info] [RoutesResolver] [None] StudentController {/api/v1}:
[Build] 1.0 -2023-05-16 15:25:06 [info] [RouterExplorer] [None] Mapped {/api/v1/student/addStudent, POST} route
[Build] 1.0 -2023-05-16 15:25:06 [info] [RouterExplorer] [None] Mapped {/api/v1/student/addStudentDetails, POST} route
[Build] 1.0 -2023-05-16 15:25:06 [info] [RouterExplorer] [None] Mapped {/api/v1/student/editStudentDetail, POST} route
[Build] 1.0 -2023-05-16 15:25:06 [info] [RouterExplorer] [None] Mapped {/api/v1/student/editStudent, POST} route
[Build] 1.0 -2023-05-16 15:25:06 [info] [RouterExplorer] [None] Mapped {/api/v1/student/getAllStudent, GET} route
[Build] 1.0 -2023-05-16 15:25:06 [info] [RoutesResolver] [None] TeacherController {/api/v1}:
[Build] 1.0 -2023-05-16 15:25:06 [info] [RouterExplorer] [None] Mapped {/api/v1/teacher/addTeacher, POST} route
[Build] 1.0 -2023-05-16 15:25:06 [info] [RouterExplorer] [None] Mapped {/api/v1/teacher/addStudentDetails, POST} route
[Build] 1.0 -2023-05-16 15:25:06 [info] [RouterExplorer] [None] Mapped {/api/v1/teacher/getAllTeacher, GET} route
[Build] 1.0 -2023-05-16 15:25:06 [info] [RoutesResolver] [None] CourseController {/api/v1}:
[Build] 1.0 -2023-05-16 15:25:06 [info] [RouterExplorer] [None] Mapped {/api/v1/course/addCourse, POST} route
[Build] 1.0 -2023-05-16 15:25:06 [info] [RouterExplorer] [None] Mapped {/api/v1/course/editCourse, POST} route
[Build] 1.0 -2023-05-16 15:25:06 [info] [RouterExplorer] [None] Mapped {/api/v1/course/deleteCourse/:id, DELETE} route
[Build] 1.0 -2023-05-16 15:25:06 [info] [RouterExplorer] [None] Mapped {/api/v1/course/getAllCourse, GET} route
[Build] 1.0 -2023-05-16 15:25:06 [info] [RoutesResolver] [None] CommonController {/api/v1}:
[Build] 1.0 -2023-05-16 15:25:06 [info] [RouterExplorer] [None] Mapped {/api/v1/common/log/level, PUT} route
[Build] 1.0 -2023-05-16 15:25:06 [info] [NestApplication] [None] Nest application successfully started
[Build] 1.0 -2023-05-16 16:11:16 [info] [RoutesResolver] [None] AppController {/}:
[Build] 1.0 -2023-05-16 16:11:16 [info] [RouterExplorer] [None] Mapped {/, GET} route
[Build] 1.0 -2023-05-16 16:11:16 [info] [RoutesResolver] [None] DepartmentController {/api/v1}:
[Build] 1.0 -2023-05-16 16:11:16 [info] [RouterExplorer] [None] Mapped {/api/v1/department/addDepartment, POST} route
[Build] 1.0 -2023-05-16 16:11:16 [info] [RouterExplorer] [None] Mapped {/api/v1/department/editDepartment, POST} route
[Build] 1.0 -2023-05-16 16:11:16 [info] [RouterExplorer] [None] Mapped {/api/v1/department/deleteDepartment/:id, DELETE} route
[Build] 1.0 -2023-05-16 16:11:16 [info] [RouterExplorer] [None] Mapped {/api/v1/department/getAllDepartment, GET} route
[Build] 1.0 -2023-05-16 16:11:16 [info] [RoutesResolver] [None] StudentController {/api/v1}:
[Build] 1.0 -2023-05-16 16:11:16 [info] [RouterExplorer] [None] Mapped {/api/v1/student/addStudent, POST} route
[Build] 1.0 -2023-05-16 16:11:16 [info] [RouterExplorer] [None] Mapped {/api/v1/student/addStudentDetails, POST} route
[Build] 1.0 -2023-05-16 16:11:16 [info] [RouterExplorer] [None] Mapped {/api/v1/student/editStudentDetail, POST} route
[Build] 1.0 -2023-05-16 16:11:16 [info] [RouterExplorer] [None] Mapped {/api/v1/student/editStudent, POST} route
[Build] 1.0 -2023-05-16 16:11:16 [info] [RouterExplorer] [None] Mapped {/api/v1/student/getAllStudent, GET} route
[Build] 1.0 -2023-05-16 16:11:16 [info] [RoutesResolver] [None] TeacherController {/api/v1}:
[Build] 1.0 -2023-05-16 16:11:16 [info] [RouterExplorer] [None] Mapped {/api/v1/teacher/addTeacher, POST} route
[Build] 1.0 -2023-05-16 16:11:16 [info] [RouterExplorer] [None] Mapped {/api/v1/teacher/addStudentDetails, POST} route
[Build] 1.0 -2023-05-16 16:11:16 [info] [RouterExplorer] [None] Mapped {/api/v1/teacher/getAllTeacher, GET} route
[Build] 1.0 -2023-05-16 16:11:16 [info] [RoutesResolver] [None] CourseController {/api/v1}:
[Build] 1.0 -2023-05-16 16:11:16 [info] [RouterExplorer] [None] Mapped {/api/v1/course/addCourse, POST} route
[Build] 1.0 -2023-05-16 16:11:16 [info] [RouterExplorer] [None] Mapped {/api/v1/course/editCourse, POST} route
[Build] 1.0 -2023-05-16 16:11:16 [info] [RouterExplorer] [None] Mapped {/api/v1/course/deleteCourse/:id, DELETE} route
[Build] 1.0 -2023-05-16 16:11:16 [info] [RouterExplorer] [None] Mapped {/api/v1/course/getAllCourse, GET} route
[Build] 1.0 -2023-05-16 16:11:16 [info] [RoutesResolver] [None] CommonController {/api/v1}:
[Build] 1.0 -2023-05-16 16:11:16 [info] [RouterExplorer] [None] Mapped {/api/v1/common/log/level, PUT} route
[Build] 1.0 -2023-05-16 16:11:16 [info] [NestApplication] [None] Nest application successfully started
[Build] 1.0 -2023-05-16 16:13:56 [info] [RoutesResolver] [None] AppController {/}:
[Build] 1.0 -2023-05-16 16:13:56 [info] [RouterExplorer] [None] Mapped {/, GET} route
[Build] 1.0 -2023-05-16 16:13:56 [info] [RoutesResolver] [None] DepartmentController {/api/v1}:
[Build] 1.0 -2023-05-16 16:13:56 [info] [RouterExplorer] [None] Mapped {/api/v1/department/addDepartment, POST} route
[Build] 1.0 -2023-05-16 16:13:56 [info] [RouterExplorer] [None] Mapped {/api/v1/department/editDepartment, POST} route
[Build] 1.0 -2023-05-16 16:13:56 [info] [RouterExplorer] [None] Mapped {/api/v1/department/deleteDepartment/:id, DELETE} route
[Build] 1.0 -2023-05-16 16:13:56 [info] [RouterExplorer] [None] Mapped {/api/v1/department/getAllDepartment, GET} route
[Build] 1.0 -2023-05-16 16:13:56 [info] [RoutesResolver] [None] StudentController {/api/v1}:
[Build] 1.0 -2023-05-16 16:13:56 [info] [RouterExplorer] [None] Mapped {/api/v1/student/addStudent, POST} route
[Build] 1.0 -2023-05-16 16:13:56 [info] [RouterExplorer] [None] Mapped {/api/v1/student/addStudentDetails, POST} route
[Build] 1.0 -2023-05-16 16:13:56 [info] [RouterExplorer] [None] Mapped {/api/v1/student/editStudentDetail, POST} route
[Build] 1.0 -2023-05-16 16:13:56 [info] [RouterExplorer] [None] Mapped {/api/v1/student/editStudent, POST} route
[Build] 1.0 -2023-05-16 16:13:56 [info] [RouterExplorer] [None] Mapped {/api/v1/student/getAllStudent, GET} route
[Build] 1.0 -2023-05-16 16:13:56 [info] [RoutesResolver] [None] TeacherController {/api/v1}:
[Build] 1.0 -2023-05-16 16:13:56 [info] [RouterExplorer] [None] Mapped {/api/v1/teacher/addTeacher, POST} route
[Build] 1.0 -2023-05-16 16:13:56 [info] [RouterExplorer] [None] Mapped {/api/v1/teacher/addStudentDetails, POST} route
[Build] 1.0 -2023-05-16 16:13:56 [info] [RouterExplorer] [None] Mapped {/api/v1/teacher/getAllTeacher, GET} route
[Build] 1.0 -2023-05-16 16:13:56 [info] [RoutesResolver] [None] CourseController {/api/v1}:
[Build] 1.0 -2023-05-16 16:13:56 [info] [RouterExplorer] [None] Mapped {/api/v1/course/addCourse, POST} route
[Build] 1.0 -2023-05-16 16:13:56 [info] [RouterExplorer] [None] Mapped {/api/v1/course/editCourse, POST} route
[Build] 1.0 -2023-05-16 16:13:56 [info] [RouterExplorer] [None] Mapped {/api/v1/course/deleteCourse/:id, DELETE} route
[Build] 1.0 -2023-05-16 16:13:56 [info] [RouterExplorer] [None] Mapped {/api/v1/course/getAllCourse, GET} route
[Build] 1.0 -2023-05-16 16:13:56 [info] [RoutesResolver] [None] CommonController {/api/v1}:
[Build] 1.0 -2023-05-16 16:13:56 [info] [RouterExplorer] [None] Mapped {/api/v1/common/log/level, PUT} route
[Build] 1.0 -2023-05-16 16:13:56 [info] [NestApplication] [None] Nest application successfully started
[Build] 1.0 -2023-05-16 16:14:05 [info] [RoutesResolver] [None] AppController {/}:
[Build] 1.0 -2023-05-16 16:14:05 [info] [RouterExplorer] [None] Mapped {/, GET} route
[Build] 1.0 -2023-05-16 16:14:05 [info] [RoutesResolver] [None] DepartmentController {/api/v1}:
[Build] 1.0 -2023-05-16 16:14:05 [info] [RouterExplorer] [None] Mapped {/api/v1/department/addDepartment, POST} route
[Build] 1.0 -2023-05-16 16:14:05 [info] [RouterExplorer] [None] Mapped {/api/v1/department/editDepartment, POST} route
[Build] 1.0 -2023-05-16 16:14:05 [info] [RouterExplorer] [None] Mapped {/api/v1/department/deleteDepartment/:id, DELETE} route
[Build] 1.0 -2023-05-16 16:14:05 [info] [RouterExplorer] [None] Mapped {/api/v1/department/getAllDepartment, GET} route
[Build] 1.0 -2023-05-16 16:14:05 [info] [RoutesResolver] [None] StudentController {/api/v1}:
[Build] 1.0 -2023-05-16 16:14:05 [info] [RouterExplorer] [None] Mapped {/api/v1/student/addStudent, POST} route
[Build] 1.0 -2023-05-16 16:14:05 [info] [RouterExplorer] [None] Mapped {/api/v1/student/addStudentDetails, POST} route
[Build] 1.0 -2023-05-16 16:14:05 [info] [RouterExplorer] [None] Mapped {/api/v1/student/editStudentDetail, POST} route
[Build] 1.0 -2023-05-16 16:14:05 [info] [RouterExplorer] [None] Mapped {/api/v1/student/editStudent, POST} route
[Build] 1.0 -2023-05-16 16:14:05 [info] [RouterExplorer] [None] Mapped {/api/v1/student/getAllStudent, GET} route
[Build] 1.0 -2023-05-16 16:14:05 [info] [RoutesResolver] [None] TeacherController {/api/v1}:
[Build] 1.0 -2023-05-16 16:14:05 [info] [RouterExplorer] [None] Mapped {/api/v1/teacher/addTeacher, POST} route
[Build] 1.0 -2023-05-16 16:14:05 [info] [RouterExplorer] [None] Mapped {/api/v1/teacher/addStudentDetails, POST} route
[Build] 1.0 -2023-05-16 16:14:05 [info] [RouterExplorer] [None] Mapped {/api/v1/teacher/getAllTeacher, GET} route
[Build] 1.0 -2023-05-16 16:14:05 [info] [RoutesResolver] [None] CourseController {/api/v1}:
[Build] 1.0 -2023-05-16 16:14:05 [info] [RouterExplorer] [None] Mapped {/api/v1/course/addCourse, POST} route
[Build] 1.0 -2023-05-16 16:14:05 [info] [RouterExplorer] [None] Mapped {/api/v1/course/editCourse, POST} route
[Build] 1.0 -2023-05-16 16:14:05 [info] [RouterExplorer] [None] Mapped {/api/v1/course/deleteCourse/:id, DELETE} route
[Build] 1.0 -2023-05-16 16:14:05 [info] [RouterExplorer] [None] Mapped {/api/v1/course/getAllCourse, GET} route
[Build] 1.0 -2023-05-16 16:14:05 [info] [RoutesResolver] [None] CommonController {/api/v1}:
[Build] 1.0 -2023-05-16 16:14:05 [info] [RouterExplorer] [None] Mapped {/api/v1/common/log/level, PUT} route
[Build] 1.0 -2023-05-16 16:14:05 [info] [NestApplication] [None] Nest application successfully started
